This is XeTeX, Version 3.14159265-2.6-0.999991 (TeX Live 2019/Debian) (preloaded format=xelatex 2024.10.1)  23 DEC 2024 15:28
entering extended mode
 \write18 enabled.
 %&-line parsing enabled.
**paper.tex
(./paper.tex
LaTeX2e <2020-02-02> patch level 2
L3 programming layer <2020-02-14>
(/usr/share/texlive/texmf-dist/tex/latex/ctex/ctexart.cls
(/usr/share/texlive/texmf-dist/tex/latex/l3kernel/expl3.sty
Package: expl3 2020-02-14 L3 programming layer (loader) 

(/usr/share/texlive/texmf-dist/tex/latex/l3backend/l3backend-xdvipdfmx.def
File: l3backend-xdvipdfmx.def 2020-02-03 L3 backend support: xdvipdfmx
\g__graphics_track_int=\count163
\l__pdf_internal_box=\box45
\g__pdf_backend_object_int=\count164
\g__pdf_backend_annotation_int=\count165
))
Document Class: ctexart 2019/05/29 v2.4.16 Chinese adapter for class article (C
TEX)
(/usr/share/texlive/texmf-dist/tex/latex/l3packages/xparse/xparse.sty
Package: xparse 2020-02-14 L3 Experimental document command parser
\l__xparse_current_arg_int=\count166
\g__xparse_grabber_int=\count167
\l__xparse_m_args_int=\count168
\l__xparse_v_nesting_int=\count169
)
(/usr/share/texlive/texmf-dist/tex/latex/l3packages/l3keys2e/l3keys2e.sty
Package: l3keys2e 2020-02-14 LaTeX2e option processing using LaTeX3 keys
)
(/usr/share/texlive/texmf-dist/tex/latex/ctex/ctexhook.sty
Package: ctexhook 2019/05/29 v2.4.16 Document and package hooks (CTEX)
)
(/usr/share/texlive/texmf-dist/tex/latex/ctex/ctexpatch.sty
Package: ctexpatch 2019/05/29 v2.4.16 Patching commands (CTEX)
)
(/usr/share/texlive/texmf-dist/tex/latex/base/fix-cm.sty
Package: fix-cm 2015/01/14 v1.1t fixes to LaTeX

(/usr/share/texlive/texmf-dist/tex/latex/base/ts1enc.def
File: ts1enc.def 2001/06/05 v3.0e (jk/car/fm) Standard LaTeX file
LaTeX Font Info:    Redeclaring font encoding TS1 on input line 47.
))
(/usr/share/texlive/texmf-dist/tex/latex/ms/everysel.sty
Package: everysel 2011/10/28 v1.2 EverySelectfont Package (MS)
)
\l__ctex_tmp_int=\count170
\l__ctex_tmp_box=\box46
\l__ctex_tmp_dim=\dimen134
\g__ctex_section_depth_int=\count171
\g__ctex_font_size_int=\count172

(/usr/share/texlive/texmf-dist/tex/latex/ctex/config/ctexopts.cfg
File: ctexopts.cfg 2019/05/29 v2.4.16 Option configuration file (CTEX)
)
(/usr/share/texlive/texmf-dist/tex/latex/base/article.cls
Document Class: article 2019/12/20 v1.4l Standard LaTeX document class
(/usr/share/texlive/texmf-dist/tex/latex/base/size10.clo
File: size10.clo 2019/12/20 v1.4l Standard LaTeX file (size option)
)
\c@part=\count173
\c@section=\count174
\c@subsection=\count175
\c@subsubsection=\count176
\c@paragraph=\count177
\c@subparagraph=\count178
\c@figure=\count179
\c@table=\count180
\abovecaptionskip=\skip47
\belowcaptionskip=\skip48
\bibindent=\dimen135
)
(/usr/share/texlive/texmf-dist/tex/latex/ctex/engine/ctex-engine-xetex.def
File: ctex-engine-xetex.def 2019/05/29 v2.4.16 XeLaTeX adapter (CTEX)

(/usr/share/texlive/texmf-dist/tex/xelatex/xecjk/xeCJK.sty
Package: xeCJK 2020/02/14 v3.8.1 Typesetting CJK scripts with XeLaTeX

(/usr/share/texlive/texmf-dist/tex/latex/l3packages/xtemplate/xtemplate.sty
Package: xtemplate 2020-02-14 L3 Experimental prototype document functions
\l__xtemplate_tmp_dim=\dimen136
\l__xtemplate_tmp_int=\count181
\l__xtemplate_tmp_muskip=\muskip16
\l__xtemplate_tmp_skip=\skip49
)
\l__xeCJK_tmp_int=\count182
\l__xeCJK_tmp_box=\box47
\l__xeCJK_tmp_dim=\dimen137
\l__xeCJK_tmp_skip=\skip50
\g__xeCJK_space_factor_int=\count183
\l__xeCJK_begin_int=\count184
\l__xeCJK_end_int=\count185
\c__xeCJK_CJK_class_int=\XeTeXcharclass1
\c__xeCJK_FullLeft_class_int=\XeTeXcharclass2
\c__xeCJK_FullRight_class_int=\XeTeXcharclass3
\c__xeCJK_HalfLeft_class_int=\XeTeXcharclass4
\c__xeCJK_HalfRight_class_int=\XeTeXcharclass5
\c__xeCJK_NormalSpace_class_int=\XeTeXcharclass6
\c__xeCJK_CM_class_int=\XeTeXcharclass7
\c__xeCJK_HangulJamo_class_int=\XeTeXcharclass8
\l__xeCJK_last_skip=\skip51
\g__xeCJK_node_int=\count186
\c__xeCJK_CJK_node_dim=\dimen138
\c__xeCJK_CJK-space_node_dim=\dimen139
\c__xeCJK_default_node_dim=\dimen140
\c__xeCJK_default-space_node_dim=\dimen141
\c__xeCJK_CJK-widow_node_dim=\dimen142
\c__xeCJK_normalspace_node_dim=\dimen143
\l__xeCJK_ccglue_skip=\skip52
\l__xeCJK_ecglue_skip=\skip53
\l__xeCJK_punct_kern_skip=\skip54
\l__xeCJK_last_penalty_int=\count187
\l__xeCJK_last_bound_dim=\dimen144
\l__xeCJK_last_kern_dim=\dimen145
\l__xeCJK_widow_penalty_int=\count188

Package xtemplate Info: Declaring object type 'xeCJK/punctuation' taking 0
(xtemplate)             argument(s) on line 2302.

\l__xeCJK_fixed_punct_width_dim=\dimen146
\l__xeCJK_mixed_punct_width_dim=\dimen147
\l__xeCJK_middle_punct_width_dim=\dimen148
\l__xeCJK_fixed_margin_width_dim=\dimen149
\l__xeCJK_mixed_margin_width_dim=\dimen150
\l__xeCJK_middle_margin_width_dim=\dimen151
\l__xeCJK_bound_punct_width_dim=\dimen152
\l__xeCJK_bound_margin_width_dim=\dimen153
\l__xeCJK_margin_minimum_dim=\dimen154
\l__xeCJK_kerning_total_width_dim=\dimen155
\l__xeCJK_same_align_margin_dim=\dimen156
\l__xeCJK_different_align_margin_dim=\dimen157
\l__xeCJK_kerning_margin_width_dim=\dimen158
\l__xeCJK_kerning_margin_minimum_dim=\dimen159
\l__xeCJK_bound_dim=\dimen160
\l__xeCJK_reverse_bound_dim=\dimen161
\l__xeCJK_margin_dim=\dimen162
\l__xeCJK_minimum_bound_dim=\dimen163
\l__xeCJK_kerning_margin_dim=\dimen164
\g__xeCJK_family_int=\count189
\l__xeCJK_fam_int=\count190
\g__xeCJK_fam_allocation_int=\count191
\l__xeCJK_verb_case_int=\count192
\l__xeCJK_verb_exspace_skip=\skip55

(/usr/share/texlive/texmf-dist/tex/latex/fontspec/fontspec.sty
Package: fontspec 2020/02/03 v2.7h Font selection for XeLaTeX and LuaLaTeX

(/usr/share/texlive/texmf-dist/tex/latex/fontspec/fontspec-xetex.sty
Package: fontspec-xetex 2020/02/03 v2.7h Font selection for XeLaTeX and LuaLaTe
X
\l__fontspec_script_int=\count193
\l__fontspec_language_int=\count194
\l__fontspec_strnum_int=\count195
\l__fontspec_tmp_int=\count196
\l__fontspec_tmpa_int=\count197
\l__fontspec_tmpb_int=\count198
\l__fontspec_tmpc_int=\count199
\l__fontspec_em_int=\count266
\l__fontspec_emdef_int=\count267
\l__fontspec_strong_int=\count268
\l__fontspec_strongdef_int=\count269
\l__fontspec_tmpa_dim=\dimen165
\l__fontspec_tmpb_dim=\dimen166
\l__fontspec_tmpc_dim=\dimen167

(/usr/share/texlive/texmf-dist/tex/latex/base/fontenc.sty
Package: fontenc 2020/02/11 v2.0o Standard LaTeX package
)
(/usr/share/texlive/texmf-dist/tex/latex/fontspec/fontspec.cfg)))
(/usr/share/texlive/texmf-dist/tex/xelatex/xecjk/xeCJK.cfg
File: xeCJK.cfg 2020/02/14 v3.8.1 Configuration file for xeCJK package
))
(/usr/share/texlive/texmf-dist/tex/xelatex/xecjk/xeCJKfntef.sty
Package: xeCJKfntef 2020/02/14 v3.8.1 xeCJK font effect

(/usr/share/texlive/texmf-dist/tex/generic/ulem/ulem.sty
\UL@box=\box48
\UL@hyphenbox=\box49
\UL@skip=\skip56
\UL@hook=\toks14
\UL@height=\dimen168
\UL@pe=\count270
\UL@pixel=\dimen169
\ULC@box=\box50
Package: ulem 2019/11/18
\ULdepth=\dimen170
)
\l__xeCJK_space_skip=\skip57
\c__xeCJK_ulem-begin_node_dim=\dimen171
\c__xeCJK_null_box=\box51
\l__xeCJK_fntef_box=\box52
\l__xeCJK_under_symbol_box=\box53
\c__xeCJK_filll_skip=\skip58
)
\ccwd=\dimen172
\l__ctex_ccglue_skip=\skip59
)
\l__ctex_ziju_dim=\dimen173

(/usr/share/texlive/texmf-dist/tex/latex/zhnumber/zhnumber.sty
Package: zhnumber 2019/04/07 v2.7 Typesetting numbers with Chinese glyphs
\l__zhnum_scale_int=\count271

(/usr/share/texlive/texmf-dist/tex/latex/zhnumber/zhnumber-utf8.cfg
File: zhnumber-utf8.cfg 2019/04/07 v2.7 Chinese numerals with UTF8 encoding
))
\l__ctex_heading_skip=\skip60

(/usr/share/texlive/texmf-dist/tex/latex/ctex/scheme/ctex-scheme-chinese-articl
e.def
File: ctex-scheme-chinese-article.def 2019/05/29 v2.4.16 Chinese scheme for art
icle (CTEX)
 (/usr/share/texlive/texmf-dist/tex/latex/ctex/config/ctex-name-utf8.cfg
File: ctex-name-utf8.cfg 2019/05/29 v2.4.16 Caption with encoding UTF8 (CTEX)
)) (/usr/share/texlive/texmf-dist/tex/latex/ctex/ctex-c5size.clo
File: ctex-c5size.clo 2019/05/29 v2.4.16 c5size option (CTEX)
)
(/usr/share/texlive/texmf-dist/tex/latex/ctex/fontset/ctex-fontset-fandol.def
File: ctex-fontset-fandol.def 2019/05/29 v2.4.16 Fandol fonts definition (CTEX)



Package fontspec Warning: Font "FandolSong-Regular" does not contain requested
(fontspec)                Script "CJK".


Package fontspec Info: Font family 'FandolSong-Regular(0)' created for font
(fontspec)             'FandolSong-Regular' with options
(fontspec)             [Script={CJK},Extension={.otf},BoldFont={FandolSong-Bold
},ItalicFont={FandolKai-Regular}].
(fontspec)              
(fontspec)              This font family consists of the following NFSS
(fontspec)             series/shapes:
(fontspec)              
(fontspec)             - 'normal' (m/n) with NFSS spec.:
(fontspec)             <->"[FandolSong-Regular.otf]/OT:language=dflt;"
(fontspec)             - 'small caps'  (m/sc) with NFSS spec.: 
(fontspec)             - 'bold' (b/n) with NFSS spec.:
(fontspec)             <->"[FandolSong-Bold.otf]/OT:language=dflt;"
(fontspec)             - 'bold small caps'  (b/sc) with NFSS spec.: 
(fontspec)             - 'italic' (m/it) with NFSS spec.:
(fontspec)             <->"[FandolKai-Regular.otf]/OT:language=dflt;"
(fontspec)             - 'italic small caps'  (m/scit) with NFSS spec.: 

)) (/usr/share/texlive/texmf-dist/tex/latex/ctex/config/ctex.cfg
File: ctex.cfg 2019/05/29 v2.4.16 Configuration file (CTEX)
)

Package ctex Warning: Command \CTEXsetup is deprecated.
(ctex)                \ctexset { section = { format={\Large \bfseries } } } is
(ctex)                set.

(/usr/share/texlive/texmf-dist/tex/latex/geometry/geometry.sty
Package: geometry 2020/01/02 v5.9 Page Geometry

(/usr/share/texlive/texmf-dist/tex/latex/graphics/keyval.sty
Package: keyval 2014/10/28 v1.15 key=value parser (DPC)
\KV@toks@=\toks15
)
(/usr/share/texlive/texmf-dist/tex/generic/iftex/ifvtex.sty
Package: ifvtex 2019/10/25 v1.7 ifvtex legacy package. Use iftex instead.

(/usr/share/texlive/texmf-dist/tex/generic/iftex/iftex.sty
Package: iftex 2019/11/07 v1.0c TeX engine tests
))
\Gm@cnth=\count272
\Gm@cntv=\count273
\c@Gm@tempcnt=\count274
\Gm@bindingoffset=\dimen174
\Gm@wd@mp=\dimen175
\Gm@odd@mp=\dimen176
\Gm@even@mp=\dimen177
\Gm@layoutwidth=\dimen178
\Gm@layoutheight=\dimen179
\Gm@layouthoffset=\dimen180
\Gm@layoutvoffset=\dimen181
\Gm@dimlist=\toks16
)
(/usr/share/texlive/texmf-dist/tex/latex/psnfss/pifont.sty
Package: pifont 2005/04/12 PSNFSS-v9.2a Pi font support (SPQR) 
LaTeX Font Info:    Trying to load font information for U+pzd on input line 63.


(/usr/share/texlive/texmf-dist/tex/latex/psnfss/upzd.fd
File: upzd.fd 2001/06/04 font definitions for U/pzd.
)
LaTeX Font Info:    Trying to load font information for U+psy on input line 64.


(/usr/share/texlive/texmf-dist/tex/latex/psnfss/upsy.fd
File: upsy.fd 2001/06/04 font definitions for U/psy.
))
(/usr/share/texlive/texmf-dist/tex/latex/graphics/graphicx.sty
Package: graphicx 2019/11/30 v1.2a Enhanced LaTeX Graphics (DPC,SPQR)

(/usr/share/texlive/texmf-dist/tex/latex/graphics/graphics.sty
Package: graphics 2019/11/30 v1.4a Standard LaTeX Graphics (DPC,SPQR)

(/usr/share/texlive/texmf-dist/tex/latex/graphics/trig.sty
Package: trig 2016/01/03 v1.10 sin cos tan (DPC)
)
(/usr/share/texlive/texmf-dist/tex/latex/graphics-cfg/graphics.cfg
File: graphics.cfg 2016/06/04 v1.11 sample graphics configuration
)
Package graphics Info: Driver file: xetex.def on input line 105.

(/usr/share/texlive/texmf-dist/tex/latex/graphics-def/xetex.def
File: xetex.def 2017/06/24 v5.0h Graphics/color driver for xetex
))
\Gin@req@height=\dimen182
\Gin@req@width=\dimen183
)
(/usr/share/texlive/texmf-dist/tex/latex/preprint/authblk.sty
Package: authblk 2001/02/27 1.3 (PWD)
\affilsep=\skip61
\@affilsep=\skip62
\c@Maxaffil=\count275
\c@authors=\count276
\c@affil=\count277
)
(/usr/share/texlive/texmf-dist/tex/latex/amsmath/amsmath.sty
Package: amsmath 2020/01/20 v2.17e AMS math features
\@mathmargin=\skip63

For additional information on amsmath, use the `?' option.
(/usr/share/texlive/texmf-dist/tex/latex/amsmath/amstext.sty
Package: amstext 2000/06/29 v2.01 AMS text

(/usr/share/texlive/texmf-dist/tex/latex/amsmath/amsgen.sty
File: amsgen.sty 1999/11/30 v2.0 generic functions
\@emptytoks=\toks17
\ex@=\dimen184
))
(/usr/share/texlive/texmf-dist/tex/latex/amsmath/amsbsy.sty
Package: amsbsy 1999/11/29 v1.2d Bold Symbols
\pmbraise@=\dimen185
)
(/usr/share/texlive/texmf-dist/tex/latex/amsmath/amsopn.sty
Package: amsopn 2016/03/08 v2.02 operator names
)
\inf@bad=\count278
LaTeX Info: Redefining \frac on input line 227.
\uproot@=\count279
\leftroot@=\count280
LaTeX Info: Redefining \overline on input line 389.
\classnum@=\count281
\DOTSCASE@=\count282
LaTeX Info: Redefining \ldots on input line 486.
LaTeX Info: Redefining \dots on input line 489.
LaTeX Info: Redefining \cdots on input line 610.
\Mathstrutbox@=\box54
\strutbox@=\box55
\big@size=\dimen186
LaTeX Font Info:    Redeclaring font encoding OML on input line 733.
LaTeX Font Info:    Redeclaring font encoding OMS on input line 734.
\macc@depth=\count283
\c@MaxMatrixCols=\count284
\dotsspace@=\muskip17
\c@parentequation=\count285
\dspbrk@lvl=\count286
\tag@help=\toks18
\row@=\count287
\column@=\count288
\maxfields@=\count289
\andhelp@=\toks19
\eqnshift@=\dimen187
\alignsep@=\dimen188
\tagshift@=\dimen189
\tagwidth@=\dimen190
\totwidth@=\dimen191
\lineht@=\dimen192
\@envbody=\toks20
\multlinegap=\skip64
\multlinetaggap=\skip65
\mathdisplay@stack=\toks21
LaTeX Info: Redefining \[ on input line 2859.
LaTeX Info: Redefining \] on input line 2860.
)
(/usr/share/texlive/texmf-dist/tex/latex/tools/bm.sty
Package: bm 2019/07/24 v1.2d Bold Symbol Support (DPC/FMi)
\symboldoperators=\mathgroup4
\symboldletters=\mathgroup5
\symboldsymbols=\mathgroup6
LaTeX Font Info:    Redeclaring math alphabet \mathbf on input line 141.
LaTeX Info: Redefining \bm on input line 209.
)
(/usr/share/texlive/texmf-dist/tex/latex/esint/esint.sty
Package: esint 
\symlargesymbolsA=\mathgroup7
)
(/usr/share/texlive/texmf-dist/tex/latex/amsfonts/amssymb.sty
Package: amssymb 2013/01/14 v3.01 AMS font symbols

(/usr/share/texlive/texmf-dist/tex/latex/amsfonts/amsfonts.sty
Package: amsfonts 2013/01/14 v3.01 Basic AMSFonts support
\symAMSa=\mathgroup8
\symAMSb=\mathgroup9
LaTeX Font Info:    Redeclaring math symbol \hbar on input line 98.
LaTeX Font Info:    Overwriting math alphabet `\mathfrak' in version `bold'
(Font)                  U/euf/m/n --> U/euf/b/n on input line 106.
))
(/usr/share/texlive/texmf-dist/tex/latex/caption/caption.sty
Package: caption 2020/01/03 v3.4h Customizing captions (AR)

(/usr/share/texlive/texmf-dist/tex/latex/caption/caption3.sty
Package: caption3 2020/01/03 v1.8h caption3 kernel (AR)
Package caption3 Info: TeX engine: e-TeX on input line 61.
\captionmargin=\dimen193
\captionmargin@=\dimen194
\captionwidth=\dimen195
\caption@tempdima=\dimen196
\caption@indent=\dimen197
\caption@parindent=\dimen198
\caption@hangindent=\dimen199
Package caption Info: Standard document class detected.
)
\c@caption@flags=\count290
\c@continuedfloat=\count291
)
(/usr/share/texlive/texmf-dist/tex/latex/float/float.sty
Package: float 2001/11/08 v1.3d Float enhancements (AL)
\c@float@type=\count292
\float@exts=\toks22
\float@box=\box56
\@float@everytoks=\toks23
\@floatcapt=\box57
)
(/usr/share/texlive/texmf-dist/tex/latex/placeins/placeins.sty
Package: placeins 2005/04/18  v 2.2
)
(/usr/share/texlive/texmf-dist/tex/latex/subfigure/subfigure.sty
Package: subfigure 2002/03/15 v2.1.5 subfigure package
\subfigtopskip=\skip66
\subfigcapskip=\skip67
\subfigcaptopadj=\dimen256
\subfigbottomskip=\skip68
\subfigcapmargin=\dimen257
\subfiglabelskip=\skip69
\c@subfigure=\count293
\c@lofdepth=\count294
\c@subtable=\count295
\c@lotdepth=\count296

****************************************
* Local config file subfigure.cfg used *
****************************************
(/usr/share/texlive/texmf-dist/tex/latex/subfigure/subfigure.cfg)
\subfig@top=\skip70
\subfig@bottom=\skip71
)

Package xeCJK Warning: Redefining CJKfamily `zhsong' (FandolSong-Regular).


Package xeCJK Warning: Redefining CJKfamily `\CJKrmdefault'
(xeCJK)                (FandolSong-Regular(0)).


! Package fontspec Error: The font "SimSun" cannot be found.

For immediate help type H <return>.
 ...                                              
                                                  
l.18 ...mainfont{SimSun}[BoldFont=FandolSong-Bold]
                                                  

A font might not be found for many reasons.
 Check the spelling, where the font is installed etc. etc.

 When in doubt, ask someone for help!



Package fontspec Warning: Font "SimSun" does not contain requested Script
(fontspec)                "CJK".


Package fontspec Info: Could not resolve font "FandolSong-Bold/I" (it probably
(fontspec)             doesn't exist).


Package fontspec Info: Could not resolve font "SimSun/BI" (it probably doesn't
(fontspec)             exist).


Package fontspec Info: Could not resolve font "SimSun/I" (it probably doesn't
(fontspec)             exist).


! Package fontspec Error: The font "SimSun" cannot be found.

For immediate help type H <return>.
 ...                                              
                                                  
l.18 ...mainfont{SimSun}[BoldFont=FandolSong-Bold]
                                                  

A font might not be found for many reasons.
 Check the spelling, where the font is installed etc. etc.

 When in doubt, ask someone for help!



! Package fontspec Error: The font "SimSun" cannot be found.

For immediate help type H <return>.
 ...                                              
                                                  
l.18 ...mainfont{SimSun}[BoldFont=FandolSong-Bold]
                                                  

A font might not be found for many reasons.
 Check the spelling, where the font is installed etc. etc.

 When in doubt, ask someone for help!



! Package fontspec Error: The font "FandolSong-Bold" cannot be found.

For immediate help type H <return>.
 ...                                              
                                                  
l.18 ...mainfont{SimSun}[BoldFont=FandolSong-Bold]
                                                  

A font might not be found for many reasons.
 Check the spelling, where the font is installed etc. etc.

 When in doubt, ask someone for help!



! Package fontspec Error: The font "FandolSong-Bold" cannot be found.

For immediate help type H <return>.
 ...                                              
                                                  
l.18 ...mainfont{SimSun}[BoldFont=FandolSong-Bold]
                                                  

A font might not be found for many reasons.
 Check the spelling, where the font is installed etc. etc.

 When in doubt, ask someone for help!



Package fontspec Info: Font family 'SimSun(0)' created for font 'SimSun' with
(fontspec)             options [Script={CJK},BoldFont={FandolSong-Bold}].
(fontspec)              
(fontspec)              This font family consists of the following NFSS
(fontspec)             series/shapes:
(fontspec)              
(fontspec)             - 'normal' (m/n) with NFSS spec.: <->"SimSun/OT"
(fontspec)             - 'small caps'  (m/sc) with NFSS spec.: <->"SimSun/OT"
(fontspec)             - 'bold' (b/n) with NFSS spec.: <->"FandolSong-Bold/OT"
(fontspec)             - 'bold small caps'  (b/sc) with NFSS spec.:
(fontspec)             <->"FandolSong-Bold/OT"

(./paper.aux)
\openout1 = `paper.aux'.

LaTeX Font Info:    Checking defaults for OML/cmm/m/it on input line 21.
LaTeX Font Info:    ... okay on input line 21.
LaTeX Font Info:    Checking defaults for OMS/cmsy/m/n on input line 21.
LaTeX Font Info:    ... okay on input line 21.
LaTeX Font Info:    Checking defaults for OT1/cmr/m/n on input line 21.
LaTeX Font Info:    ... okay on input line 21.
LaTeX Font Info:    Checking defaults for T1/cmr/m/n on input line 21.
LaTeX Font Info:    ... okay on input line 21.
LaTeX Font Info:    Checking defaults for TS1/cmr/m/n on input line 21.
LaTeX Font Info:    ... okay on input line 21.
LaTeX Font Info:    Checking defaults for TU/lmr/m/n on input line 21.
LaTeX Font Info:    ... okay on input line 21.
LaTeX Font Info:    Checking defaults for OMX/cmex/m/n on input line 21.
LaTeX Font Info:    ... okay on input line 21.
LaTeX Font Info:    Checking defaults for U/cmr/m/n on input line 21.
LaTeX Font Info:    ... okay on input line 21.
 ABD: EverySelectfont initializing macros
LaTeX Info: Redefining \selectfont on input line 21.

Package fontspec Info: Adjusting the maths setup (use [no-math] to avoid
(fontspec)             this).

\symlegacymaths=\mathgroup10
LaTeX Font Info:    Overwriting symbol font `legacymaths' in version `bold'
(Font)                  OT1/cmr/m/n --> OT1/cmr/bx/n on input line 21.
LaTeX Font Info:    Redeclaring math accent \acute on input line 21.
LaTeX Font Info:    Redeclaring math accent \grave on input line 21.
LaTeX Font Info:    Redeclaring math accent \ddot on input line 21.
LaTeX Font Info:    Redeclaring math accent \tilde on input line 21.
LaTeX Font Info:    Redeclaring math accent \bar on input line 21.
LaTeX Font Info:    Redeclaring math accent \breve on input line 21.
LaTeX Font Info:    Redeclaring math accent \check on input line 21.
LaTeX Font Info:    Redeclaring math accent \hat on input line 21.
LaTeX Font Info:    Redeclaring math accent \dot on input line 21.
LaTeX Font Info:    Redeclaring math accent \mathring on input line 21.
LaTeX Font Info:    Redeclaring math symbol \Gamma on input line 21.
LaTeX Font Info:    Redeclaring math symbol \Delta on input line 21.
LaTeX Font Info:    Redeclaring math symbol \Theta on input line 21.
LaTeX Font Info:    Redeclaring math symbol \Lambda on input line 21.
LaTeX Font Info:    Redeclaring math symbol \Xi on input line 21.
LaTeX Font Info:    Redeclaring math symbol \Pi on input line 21.
LaTeX Font Info:    Redeclaring math symbol \Sigma on input line 21.
LaTeX Font Info:    Redeclaring math symbol \Upsilon on input line 21.
LaTeX Font Info:    Redeclaring math symbol \Phi on input line 21.
LaTeX Font Info:    Redeclaring math symbol \Psi on input line 21.
LaTeX Font Info:    Redeclaring math symbol \Omega on input line 21.
LaTeX Font Info:    Redeclaring math symbol \mathdollar on input line 21.
LaTeX Font Info:    Redeclaring symbol font `operators' on input line 21.
LaTeX Font Info:    Encoding `OT1' has changed to `TU' for symbol font
(Font)              `operators' in the math version `normal' on input line 21.
LaTeX Font Info:    Overwriting symbol font `operators' in version `normal'
(Font)                  OT1/cmr/m/n --> TU/lmr/m/n on input line 21.
LaTeX Font Info:    Encoding `OT1' has changed to `TU' for symbol font
(Font)              `operators' in the math version `bold' on input line 21.
LaTeX Font Info:    Overwriting symbol font `operators' in version `bold'
(Font)                  OT1/cmr/bx/n --> TU/lmr/m/n on input line 21.
LaTeX Font Info:    Overwriting symbol font `operators' in version `normal'
(Font)                  TU/lmr/m/n --> TU/lmr/m/n on input line 21.
LaTeX Font Info:    Overwriting math alphabet `\mathit' in version `normal'
(Font)                  OT1/cmr/m/it --> TU/lmr/m/it on input line 21.
LaTeX Font Info:    Overwriting math alphabet `\mathbf' in version `normal'
(Font)                  OT1/cmr/bx/n --> TU/lmr/b/n on input line 21.
LaTeX Font Info:    Overwriting math alphabet `\mathsf' in version `normal'
(Font)                  OT1/cmss/m/n --> TU/lmss/m/n on input line 21.
LaTeX Font Info:    Overwriting math alphabet `\mathtt' in version `normal'
(Font)                  OT1/cmtt/m/n --> TU/lmtt/m/n on input line 21.
LaTeX Font Info:    Overwriting symbol font `operators' in version `bold'
(Font)                  TU/lmr/m/n --> TU/lmr/b/n on input line 21.
LaTeX Font Info:    Overwriting math alphabet `\mathit' in version `bold'
(Font)                  OT1/cmr/bx/it --> TU/lmr/b/it on input line 21.
LaTeX Font Info:    Overwriting math alphabet `\mathsf' in version `bold'
(Font)                  OT1/cmss/bx/n --> TU/lmss/b/n on input line 21.
LaTeX Font Info:    Overwriting math alphabet `\mathtt' in version `bold'
(Font)                  OT1/cmtt/m/n --> TU/lmtt/b/n on input line 21.

*geometry* driver: auto-detecting
*geometry* detected driver: xetex
*geometry* verbose mode - [ preamble ] result:
* driver: xetex
* paper: <default>
* layout: <same size as paper>
* layoutoffset:(h,v)=(0.0pt,0.0pt)
* modes: 
* h-part:(L,W,R)=(56.9055pt, 500.484pt, 56.9055pt)
* v-part:(T,H,B)=(56.9055pt, 681.15898pt, 56.9055pt)
* \paperwidth=614.295pt
* \paperheight=794.96999pt
* \textwidth=500.484pt
* \textheight=681.15898pt
* \oddsidemargin=-15.36449pt
* \evensidemargin=-15.36449pt
* \topmargin=-52.36449pt
* \headheight=12.0pt
* \headsep=25.0pt
* \topskip=10.0pt
* \footskip=30.0pt
* \marginparwidth=4.0pt
* \marginparsep=10.0pt
* \columnsep=10.0pt
* \skip\footins=9.0pt plus 4.0pt minus 2.0pt
* \hoffset=0.0pt
* \voffset=0.0pt
* \mag=1000
* \@twocolumntrue
* \@twosidefalse
* \@mparswitchfalse
* \@reversemarginfalse
* (1in=72.27pt=25.4mm, 1cm=28.453pt)

Package caption Info: Begin \AtBeginDocument code.
Package caption Info: float package is loaded.
Package caption Info: subfigure package is loaded.
Package caption Info: End \AtBeginDocument code.

Package fontspec Warning: Font "FandolHei-Regular" does not contain requested
(fontspec)                Script "CJK".


Package fontspec Info: Font family 'FandolHei-Regular(0)' created for font
(fontspec)             'FandolHei-Regular' with options
(fontspec)             [Script={CJK},Extension={.otf},BoldFont={FandolHei-Bold}
].
(fontspec)              
(fontspec)              This font family consists of the following NFSS
(fontspec)             series/shapes:
(fontspec)              
(fontspec)             - 'normal' (m/n) with NFSS spec.:
(fontspec)             <->"[FandolHei-Regular.otf]/OT:language=dflt;"
(fontspec)             - 'small caps'  (m/sc) with NFSS spec.: 
(fontspec)             - 'bold' (b/n) with NFSS spec.:
(fontspec)             <->"[FandolHei-Bold.otf]/OT:language=dflt;"
(fontspec)             - 'bold small caps'  (b/sc) with NFSS spec.: 

! Font TU/SimSun(0)/m/n/12.045=SimSun/OT at 12.045pt not loadable: Metric (TFM)
 file or installed font not found.
<to be read again> 
                   relax 
l.47 ^^I]
         %双栏环境下单栏的摘要
I wasn't able to read the size data for this font,
so I will ignore the font specification.
[Wizards can fix TFM files using TFtoPL/PLtoTF.]
You might try inserting a different font spec;
e.g., type `I\font<same font id>=<substitute font name>'.

Missing character: There is no 作 in font nullfont!
Missing character: There is no 者 in font nullfont!
Missing character: There is no 1 in font nullfont!
Missing character: There is no , in font nullfont!
Missing character: There is no 作 in font nullfont!
Missing character: There is no 者 in font nullfont!
Missing character: There is no 2 in font nullfont!
Missing character: There is no , in font nullfont!
Missing character: There is no 作 in font nullfont!
Missing character: There is no 者 in font nullfont!
Missing character: There is no 3 in font nullfont!
LaTeX Font Info:    Trying to load font information for U+esint on input line 4
7.
(/usr/share/texlive/texmf-dist/tex/latex/esint/uesint.fd
File: uesint.fd 
)
LaTeX Font Info:    Trying to load font information for U+msa on input line 47.


(/usr/share/texlive/texmf-dist/tex/latex/amsfonts/umsa.fd
File: umsa.fd 2013/01/14 v3.01 AMS symbols A
)
LaTeX Font Info:    Trying to load font information for U+msb on input line 47.


(/usr/share/texlive/texmf-dist/tex/latex/amsfonts/umsb.fd
File: umsb.fd 2013/01/14 v3.01 AMS symbols B
)

Package fontspec Warning: Font "FandolKai-Regular" does not contain requested
(fontspec)                Script "CJK".


Package fontspec Info: Font family 'FandolKai-Regular(0)' created for font
(fontspec)             'FandolKai-Regular' with options
(fontspec)             [Script={CJK},Extension={.otf}].
(fontspec)              
(fontspec)              This font family consists of the following NFSS
(fontspec)             series/shapes:
(fontspec)              
(fontspec)             - 'normal' (m/n) with NFSS spec.:
(fontspec)             <->"[FandolKai-Regular.otf]/OT:language=dflt;"
(fontspec)             - 'small caps'  (m/sc) with NFSS spec.: 

! Missing } inserted.
<inserted text> 
                }
l.47 ^^I]
         %双栏环境下单栏的摘要
I've inserted something that you may have forgotten.
(See the <inserted text> above.)
With luck, this will get me unwedged. But if you
really didn't forget anything, try typing `2' now; then
my insertion and my current dilemma will both disappear.

*geometry* verbose mode - [ newgeometry ] result:
* driver: xetex
* paper: <default>
* layout: <same size as paper>
* layoutoffset:(h,v)=(0.0pt,0.0pt)
* modes: 
* h-part:(L,W,R)=(42.67912pt, 528.93675pt, 42.67912pt)
* v-part:(T,H,B)=(95.39737pt, 556.47656pt, 143.09605pt)
* \paperwidth=614.295pt
* \paperheight=794.96999pt
* \textwidth=528.93675pt
* \textheight=556.47656pt
* \oddsidemargin=-29.59087pt
* \evensidemargin=-29.59087pt
* \topmargin=-13.87262pt
* \headheight=12.0pt
* \headsep=25.0pt
* \topskip=10.0pt
* \footskip=30.0pt
* \marginparwidth=4.0pt
* \marginparsep=10.0pt
* \columnsep=10.0pt
* \skip\footins=9.0pt plus 4.0pt minus 2.0pt
* \hoffset=0.0pt
* \voffset=0.0pt
* \mag=1000
* \@twocolumntrue
* \@twosidefalse
* \@mparswitchfalse
* \@reversemarginfalse
* (1in=72.27pt=25.4mm, 1cm=28.453pt)


Underfull \hbox (badness 10000) in paragraph at lines 47--47

 []


Underfull \hbox (badness 10000) in paragraph at lines 47--47

 []


! Package fontspec Error: The font "SimSun" cannot be found.

For immediate help type H <return>.
 ...                                              
                                                  
l.49 ...n{{\zihao{4}{\songti 第一节}}\vspace{-0.6em}}
                                                  

A font might not be found for many reasons.
 Check the spelling, where the font is installed etc. etc.

 When in doubt, ask someone for help!



Package fontspec Warning: Font "SimSun" does not contain requested Script
(fontspec)                "CJK".


Package fontspec Info: Could not resolve font "SimSun/I" (it probably doesn't
(fontspec)             exist).


Package fontspec Info: Could not resolve font "SimSun/BI" (it probably doesn't
(fontspec)             exist).


Package fontspec Info: Could not resolve font "SimSun/I" (it probably doesn't
(fontspec)             exist).


! Package fontspec Error: The font "SimSun" cannot be found.

For immediate help type H <return>.
 ...                                              
                                                  
l.49 ...n{{\zihao{4}{\songti 第一节}}\vspace{-0.6em}}
                                                  

A font might not be found for many reasons.
 Check the spelling, where the font is installed etc. etc.

 When in doubt, ask someone for help!



! Package fontspec Error: The font "SimSun" cannot be found.

For immediate help type H <return>.
 ...                                              
                                                  
l.49 ...n{{\zihao{4}{\songti 第一节}}\vspace{-0.6em}}
                                                  

A font might not be found for many reasons.
 Check the spelling, where the font is installed etc. etc.

 When in doubt, ask someone for help!



! Package fontspec Error: The font "SimSun" cannot be found.

For immediate help type H <return>.
 ...                                              
                                                  
l.49 ...n{{\zihao{4}{\songti 第一节}}\vspace{-0.6em}}
                                                  

A font might not be found for many reasons.
 Check the spelling, where the font is installed etc. etc.

 When in doubt, ask someone for help!



! Package fontspec Error: The font "SimSun" cannot be found.

For immediate help type H <return>.
 ...                                              
                                                  
l.49 ...n{{\zihao{4}{\songti 第一节}}\vspace{-0.6em}}
                                                  

A font might not be found for many reasons.
 Check the spelling, where the font is installed etc. etc.

 When in doubt, ask someone for help!



Package fontspec Info: Font family 'SimSun(1)' created for font 'SimSun' with
(fontspec)             options [Script={CJK},AutoFakeBold={2.17}].
(fontspec)              
(fontspec)              This font family consists of the following NFSS
(fontspec)             series/shapes:
(fontspec)              
(fontspec)             - 'normal' (m/n) with NFSS spec.: <->"SimSun/OT"
(fontspec)             - 'small caps'  (m/sc) with NFSS spec.: <->"SimSun/OT"
(fontspec)             - 'bold' (b/n) with NFSS spec.:
(fontspec)             <->"SimSun/OT:embolden=2.17;"
(fontspec)             - 'bold small caps'  (b/sc) with NFSS spec.:
(fontspec)             <->"SimSun/OT:embolden=2.17;"

! Font TU/SimSun(1)/b/n/14.05249=SimSun/OT:embolden=2.17; at 14.05249pt not loa
dable: Metric (TFM) file or installed font not found.
<to be read again> 
                   relax 
l.49 ...n{{\zihao{4}{\songti 第一节}}\vspace{-0.6em}}
                                                  
I wasn't able to read the size data for this font,
so I will ignore the font specification.
[Wizards can fix TFM files using TFtoPL/PLtoTF.]
You might try inserting a different font spec;
e.g., type `I\font<same font id>=<substitute font name>'.

Missing character: There is no 第 in font nullfont!
Missing character: There is no 一 in font nullfont!
Missing character: There is no 节 in font nullfont!
! Font TU/SimSun(1)/b/n/12.045=SimSun/OT:embolden=2.17; at 12.045pt not loadabl
e: Metric (TFM) file or installed font not found.
<to be read again> 
                   relax 
l.50 ^^I\subsection{{\songti 第一小节}\vspace{-0.6em}}
                                                  
I wasn't able to read the size data for this font,
so I will ignore the font specification.
[Wizards can fix TFM files using TFtoPL/PLtoTF.]
You might try inserting a different font spec;
e.g., type `I\font<same font id>=<substitute font name>'.

Missing character: There is no 第 in font nullfont!
Missing character: There is no 一 in font nullfont!
Missing character: There is no 小 in font nullfont!
Missing character: There is no 节 in font nullfont!
! Font TU/SimSun(0)/m/n/10.53937=SimSun/OT at 10.53937pt not loadable: Metric (
TFM) file or installed font not found.
<to be read again> 
                   relax 
l.52 ^^I这
         是一段正文。 这是一段正文。 这是一段正文。 这是一段正文。 这是一段正文。 这是一段正文。 这是一段正文。 这是一段正文。 这是一段...
I wasn't able to read the size data for this font,
so I will ignore the font specification.
[Wizards can fix TFM files using TFtoPL/PLtoTF.]
You might try inserting a different font spec;
e.g., type `I\font<same font id>=<substitute font name>'.

Missing character: There is no 这 in font nullfont!
Missing character: There is no 是 in font nullfont!
Missing character: There is no 一 in font nullfont!
Missing character: There is no 段 in font nullfont!
Missing character: There is no 正 in font nullfont!
Missing character: There is no 文 in font nullfont!
Missing character: There is no 。 in font nullfont!
! Missing number, treated as zero.
<to be read again> 
                   \c__xeCJK_xeCJK/SimSun(0)/m/n/10.53937/quanjiao/dim/rule/...
l.52 ^^I这是一段正文。 
                这是一段正文。 这是一段正文。 这是一段正文。 这是一段正文。 这是一段正文。 这是一段正文。 这是一段正文。 这是一段...
A number should have been here; I inserted `0'.
(If you can't figure out why I needed to see a number,
look up `weird error' in the index to The TeXbook.)

! Illegal unit of measure (pt inserted).
<to be read again> 
                   \c__xeCJK_xeCJK/SimSun(0)/m/n/10.53937/quanjiao/dim/rule/...
l.52 ^^I这是一段正文。 
                这是一段正文。 这是一段正文。 这是一段正文。 这是一段正文。 这是一段正文。 这是一段正文。 这是一段正文。 这是一段...
Dimensions can be in units of em, ex, in, pt, pc,
cm, mm, dd, cc, bp, or sp; but yours is a new one!
I'll assume that you meant to say pt, for printer's points.
To recover gracefully from this error, it's best to
delete the erroneous units; e.g., type `2' to delete
two letters. (See Chapter 27 of The TeXbook.)

Missing character: There is no d in font nullfont!
Missing character: There is no e in font nullfont!
Missing character: There is no p in font nullfont!
Missing character: There is no t in font nullfont!
Missing character: There is no h in font nullfont!
! Missing number, treated as zero.
<to be read again> 
                   h
l.52 ^^I这是一段正文。 
                这是一段正文。 这是一段正文。 这是一段正文。 这是一段正文。 这是一段正文。 这是一段正文。 这是一段正文。 这是一段...
A number should have been here; I inserted `0'.
(If you can't figure out why I needed to see a number,
look up `weird error' in the index to The TeXbook.)

! Illegal unit of measure (pt inserted).
<to be read again> 
                   h
l.52 ^^I这是一段正文。 
                这是一段正文。 这是一段正文。 这是一段正文。 这是一段正文。 这是一段正文。 这是一段正文。 这是一段正文。 这是一段...
Dimensions can be in units of em, ex, in, pt, pc,
cm, mm, dd, cc, bp, or sp; but yours is a new one!
I'll assume that you meant to say pt, for printer's points.
To recover gracefully from this error, it's best to
delete the erroneous units; e.g., type `2' to delete
two letters. (See Chapter 27 of The TeXbook.)

Missing character: There is no h in font nullfont!
Missing character: There is no e in font nullfont!
Missing character: There is no i in font nullfont!
Missing character: There is no g in font nullfont!
Missing character: There is no h in font nullfont!
Missing character: There is no t in font nullfont!
! Missing number, treated as zero.
<to be read again> 
                   \scan_stop: 
l.52 ^^I这是一段正文。 
                这是一段正文。 这是一段正文。 这是一段正文。 这是一段正文。 这是一段正文。 这是一段正文。 这是一段正文。 这是一段...
A number should have been here; I inserted `0'.
(If you can't figure out why I needed to see a number,
look up `weird error' in the index to The TeXbook.)

! Illegal unit of measure (pt inserted).
<to be read again> 
                   \scan_stop: 
l.52 ^^I这是一段正文。 
                这是一段正文。 这是一段正文。 这是一段正文。 这是一段正文。 这是一段正文。 这是一段正文。 这是一段正文。 这是一段...
Dimensions can be in units of em, ex, in, pt, pc,
cm, mm, dd, cc, bp, or sp; but yours is a new one!
I'll assume that you meant to say pt, for printer's points.
To recover gracefully from this error, it's best to
delete the erroneous units; e.g., type `2' to delete
two letters. (See Chapter 27 of The TeXbook.)

! Missing number, treated as zero.
<to be read again> 
                   \c__xeCJK_xeCJK/SimSun(0)/m/n/10.53937/quanjiao/dim/bound...
l.52 ^^I这是一段正文。 
                这是一段正文。 这是一段正文。 这是一段正文。 这是一段正文。 这是一段正文。 这是一段正文。 这是一段正文。 这是一段...
A number should have been here; I inserted `0'.
(If you can't figure out why I needed to see a number,
look up `weird error' in the index to The TeXbook.)

! Illegal unit of measure (pt inserted).
<to be read again> 
                   \c__xeCJK_xeCJK/SimSun(0)/m/n/10.53937/quanjiao/dim/bound...
l.52 ^^I这是一段正文。 
                这是一段正文。 这是一段正文。 这是一段正文。 这是一段正文。 这是一段正文。 这是一段正文。 这是一段正文。 这是一段...
Dimensions can be in units of em, ex, in, pt, pc,
cm, mm, dd, cc, bp, or sp; but yours is a new one!
I'll assume that you meant to say pt, for printer's points.
To recover gracefully from this error, it's best to
delete the erroneous units; e.g., type `2' to delete
two letters. (See Chapter 27 of The TeXbook.)

! Missing number, treated as zero.
<to be read again> 
                   \c__xeCJK_xeCJK/SimSun(0)/m/n/10.53937/quanjiao/skip/glue...
l.52 ^^I这是一段正文。 
                这是一段正文。 这是一段正文。 这是一段正文。 这是一段正文。 这是一段正文。 这是一段正文。 这是一段正文。 这是一段...
A number should have been here; I inserted `0'.
(If you can't figure out why I needed to see a number,
look up `weird error' in the index to The TeXbook.)

! Illegal unit of measure (pt inserted).
<to be read again> 
                   \c__xeCJK_xeCJK/SimSun(0)/m/n/10.53937/quanjiao/skip/glue...
l.52 ^^I这是一段正文。 
                这是一段正文。 这是一段正文。 这是一段正文。 这是一段正文。 这是一段正文。 这是一段正文。 这是一段正文。 这是一段...
Dimensions can be in units of em, ex, in, pt, pc,
cm, mm, dd, cc, bp, or sp; but yours is a new one!
I'll assume that you meant to say pt, for printer's points.
To recover gracefully from this error, it's best to
delete the erroneous units; e.g., type `2' to delete
two letters. (See Chapter 27 of The TeXbook.)

Missing character: There is no 这 in font nullfont!
Missing character: There is no 是 in font nullfont!
Missing character: There is no 一 in font nullfont!
Missing character: There is no 段 in font nullfont!
Missing character: There is no 正 in font nullfont!
Missing character: There is no 文 in font nullfont!
Missing character: There is no 。 in font nullfont!
! Missing number, treated as zero.
<to be read again> 
                   \c__xeCJK_xeCJK/SimSun(0)/m/n/10.53937/quanjiao/dim/rule/...
l.52 ^^I这是一段正文。 这是一段正文。 
                        这是一段正文。 这是一段正文。 这是一段正文。 这是一段正文。 这是一段正文。 这是一段正文。 这是一段...
A number should have been here; I inserted `0'.
(If you can't figure out why I needed to see a number,
look up `weird error' in the index to The TeXbook.)

! Illegal unit of measure (pt inserted).
<to be read again> 
                   \c__xeCJK_xeCJK/SimSun(0)/m/n/10.53937/quanjiao/dim/rule/...
l.52 ^^I这是一段正文。 这是一段正文。 
                        这是一段正文。 这是一段正文。 这是一段正文。 这是一段正文。 这是一段正文。 这是一段正文。 这是一段...
Dimensions can be in units of em, ex, in, pt, pc,
cm, mm, dd, cc, bp, or sp; but yours is a new one!
I'll assume that you meant to say pt, for printer's points.
To recover gracefully from this error, it's best to
delete the erroneous units; e.g., type `2' to delete
two letters. (See Chapter 27 of The TeXbook.)

Missing character: There is no d in font nullfont!
Missing character: There is no e in font nullfont!
Missing character: There is no p in font nullfont!
Missing character: There is no t in font nullfont!
Missing character: There is no h in font nullfont!
! Missing number, treated as zero.
<to be read again> 
                   h
l.52 ^^I这是一段正文。 这是一段正文。 
                        这是一段正文。 这是一段正文。 这是一段正文。 这是一段正文。 这是一段正文。 这是一段正文。 这是一段...
A number should have been here; I inserted `0'.
(If you can't figure out why I needed to see a number,
look up `weird error' in the index to The TeXbook.)

! Illegal unit of measure (pt inserted).
<to be read again> 
                   h
l.52 ^^I这是一段正文。 这是一段正文。 
                        这是一段正文。 这是一段正文。 这是一段正文。 这是一段正文。 这是一段正文。 这是一段正文。 这是一段...
Dimensions can be in units of em, ex, in, pt, pc,
cm, mm, dd, cc, bp, or sp; but yours is a new one!
I'll assume that you meant to say pt, for printer's points.
To recover gracefully from this error, it's best to
delete the erroneous units; e.g., type `2' to delete
two letters. (See Chapter 27 of The TeXbook.)

Missing character: There is no h in font nullfont!
Missing character: There is no e in font nullfont!
Missing character: There is no i in font nullfont!
Missing character: There is no g in font nullfont!
Missing character: There is no h in font nullfont!
Missing character: There is no t in font nullfont!
! Missing number, treated as zero.
<to be read again> 
                   \scan_stop: 
l.52 ^^I这是一段正文。 这是一段正文。 
                        这是一段正文。 这是一段正文。 这是一段正文。 这是一段正文。 这是一段正文。 这是一段正文。 这是一段...
A number should have been here; I inserted `0'.
(If you can't figure out why I needed to see a number,
look up `weird error' in the index to The TeXbook.)

! Illegal unit of measure (pt inserted).
<to be read again> 
                   \scan_stop: 
l.52 ^^I这是一段正文。 这是一段正文。 
                        这是一段正文。 这是一段正文。 这是一段正文。 这是一段正文。 这是一段正文。 这是一段正文。 这是一段...
Dimensions can be in units of em, ex, in, pt, pc,
cm, mm, dd, cc, bp, or sp; but yours is a new one!
I'll assume that you meant to say pt, for printer's points.
To recover gracefully from this error, it's best to
delete the erroneous units; e.g., type `2' to delete
two letters. (See Chapter 27 of The TeXbook.)

! Missing number, treated as zero.
<to be read again> 
                   \c__xeCJK_xeCJK/SimSun(0)/m/n/10.53937/quanjiao/dim/bound...
l.52 ^^I这是一段正文。 这是一段正文。 
                        这是一段正文。 这是一段正文。 这是一段正文。 这是一段正文。 这是一段正文。 这是一段正文。 这是一段...
A number should have been here; I inserted `0'.
(If you can't figure out why I needed to see a number,
look up `weird error' in the index to The TeXbook.)

! Illegal unit of measure (pt inserted).
<to be read again> 
                   \c__xeCJK_xeCJK/SimSun(0)/m/n/10.53937/quanjiao/dim/bound...
l.52 ^^I这是一段正文。 这是一段正文。 
                        这是一段正文。 这是一段正文。 这是一段正文。 这是一段正文。 这是一段正文。 这是一段正文。 这是一段...
Dimensions can be in units of em, ex, in, pt, pc,
cm, mm, dd, cc, bp, or sp; but yours is a new one!
I'll assume that you meant to say pt, for printer's points.
To recover gracefully from this error, it's best to
delete the erroneous units; e.g., type `2' to delete
two letters. (See Chapter 27 of The TeXbook.)

! Missing number, treated as zero.
<to be read again> 
                   \c__xeCJK_xeCJK/SimSun(0)/m/n/10.53937/quanjiao/skip/glue...
l.52 ^^I这是一段正文。 这是一段正文。 
                        这是一段正文。 这是一段正文。 这是一段正文。 这是一段正文。 这是一段正文。 这是一段正文。 这是一段...
A number should have been here; I inserted `0'.
(If you can't figure out why I needed to see a number,
look up `weird error' in the index to The TeXbook.)

! Illegal unit of measure (pt inserted).
<to be read again> 
                   \c__xeCJK_xeCJK/SimSun(0)/m/n/10.53937/quanjiao/skip/glue...
l.52 ^^I这是一段正文。 这是一段正文。 
                        这是一段正文。 这是一段正文。 这是一段正文。 这是一段正文。 这是一段正文。 这是一段正文。 这是一段...
Dimensions can be in units of em, ex, in, pt, pc,
cm, mm, dd, cc, bp, or sp; but yours is a new one!
I'll assume that you meant to say pt, for printer's points.
To recover gracefully from this error, it's best to
delete the erroneous units; e.g., type `2' to delete
two letters. (See Chapter 27 of The TeXbook.)

Missing character: There is no 这 in font nullfont!
Missing character: There is no 是 in font nullfont!
Missing character: There is no 一 in font nullfont!
Missing character: There is no 段 in font nullfont!
Missing character: There is no 正 in font nullfont!
Missing character: There is no 文 in font nullfont!
Missing character: There is no 。 in font nullfont!
! Missing number, treated as zero.
<to be read again> 
                   \c__xeCJK_xeCJK/SimSun(0)/m/n/10.53937/quanjiao/dim/rule/...
l.52 ^^I这是一段正文。 这是一段正文。 这是一段正文。 
                                这是一段正文。 这是一段正文。 这是一段正文。 这是一段正文。 这是一段正文。 这是一段...
A number should have been here; I inserted `0'.
(If you can't figure out why I needed to see a number,
look up `weird error' in the index to The TeXbook.)

! Illegal unit of measure (pt inserted).
<to be read again> 
                   \c__xeCJK_xeCJK/SimSun(0)/m/n/10.53937/quanjiao/dim/rule/...
l.52 ^^I这是一段正文。 这是一段正文。 这是一段正文。 
                                这是一段正文。 这是一段正文。 这是一段正文。 这是一段正文。 这是一段正文。 这是一段...
Dimensions can be in units of em, ex, in, pt, pc,
cm, mm, dd, cc, bp, or sp; but yours is a new one!
I'll assume that you meant to say pt, for printer's points.
To recover gracefully from this error, it's best to
delete the erroneous units; e.g., type `2' to delete
two letters. (See Chapter 27 of The TeXbook.)

Missing character: There is no d in font nullfont!
Missing character: There is no e in font nullfont!
Missing character: There is no p in font nullfont!
Missing character: There is no t in font nullfont!
Missing character: There is no h in font nullfont!
! Missing number, treated as zero.
<to be read again> 
                   h
l.52 ^^I这是一段正文。 这是一段正文。 这是一段正文。 
                                这是一段正文。 这是一段正文。 这是一段正文。 这是一段正文。 这是一段正文。 这是一段...
A number should have been here; I inserted `0'.
(If you can't figure out why I needed to see a number,
look up `weird error' in the index to The TeXbook.)

! Illegal unit of measure (pt inserted).
<to be read again> 
                   h
l.52 ^^I这是一段正文。 这是一段正文。 这是一段正文。 
                                这是一段正文。 这是一段正文。 这是一段正文。 这是一段正文。 这是一段正文。 这是一段...
Dimensions can be in units of em, ex, in, pt, pc,
cm, mm, dd, cc, bp, or sp; but yours is a new one!
I'll assume that you meant to say pt, for printer's points.
To recover gracefully from this error, it's best to
delete the erroneous units; e.g., type `2' to delete
two letters. (See Chapter 27 of The TeXbook.)

Missing character: There is no h in font nullfont!
Missing character: There is no e in font nullfont!
Missing character: There is no i in font nullfont!
Missing character: There is no g in font nullfont!
Missing character: There is no h in font nullfont!
Missing character: There is no t in font nullfont!
! Missing number, treated as zero.
<to be read again> 
                   \scan_stop: 
l.52 ^^I这是一段正文。 这是一段正文。 这是一段正文。 
                                这是一段正文。 这是一段正文。 这是一段正文。 这是一段正文。 这是一段正文。 这是一段...
A number should have been here; I inserted `0'.
(If you can't figure out why I needed to see a number,
look up `weird error' in the index to The TeXbook.)

! Illegal unit of measure (pt inserted).
<to be read again> 
                   \scan_stop: 
l.52 ^^I这是一段正文。 这是一段正文。 这是一段正文。 
                                这是一段正文。 这是一段正文。 这是一段正文。 这是一段正文。 这是一段正文。 这是一段...
Dimensions can be in units of em, ex, in, pt, pc,
cm, mm, dd, cc, bp, or sp; but yours is a new one!
I'll assume that you meant to say pt, for printer's points.
To recover gracefully from this error, it's best to
delete the erroneous units; e.g., type `2' to delete
two letters. (See Chapter 27 of The TeXbook.)

! Missing number, treated as zero.
<to be read again> 
                   \c__xeCJK_xeCJK/SimSun(0)/m/n/10.53937/quanjiao/dim/bound...
l.52 ^^I这是一段正文。 这是一段正文。 这是一段正文。 
                                这是一段正文。 这是一段正文。 这是一段正文。 这是一段正文。 这是一段正文。 这是一段...
A number should have been here; I inserted `0'.
(If you can't figure out why I needed to see a number,
look up `weird error' in the index to The TeXbook.)

! Illegal unit of measure (pt inserted).
<to be read again> 
                   \c__xeCJK_xeCJK/SimSun(0)/m/n/10.53937/quanjiao/dim/bound...
l.52 ^^I这是一段正文。 这是一段正文。 这是一段正文。 
                                这是一段正文。 这是一段正文。 这是一段正文。 这是一段正文。 这是一段正文。 这是一段...
Dimensions can be in units of em, ex, in, pt, pc,
cm, mm, dd, cc, bp, or sp; but yours is a new one!
I'll assume that you meant to say pt, for printer's points.
To recover gracefully from this error, it's best to
delete the erroneous units; e.g., type `2' to delete
two letters. (See Chapter 27 of The TeXbook.)

! Missing number, treated as zero.
<to be read again> 
                   \c__xeCJK_xeCJK/SimSun(0)/m/n/10.53937/quanjiao/skip/glue...
l.52 ^^I这是一段正文。 这是一段正文。 这是一段正文。 
                                这是一段正文。 这是一段正文。 这是一段正文。 这是一段正文。 这是一段正文。 这是一段...
A number should have been here; I inserted `0'.
(If you can't figure out why I needed to see a number,
look up `weird error' in the index to The TeXbook.)

! Illegal unit of measure (pt inserted).
<to be read again> 
                   \c__xeCJK_xeCJK/SimSun(0)/m/n/10.53937/quanjiao/skip/glue...
l.52 ^^I这是一段正文。 这是一段正文。 这是一段正文。 
                                这是一段正文。 这是一段正文。 这是一段正文。 这是一段正文。 这是一段正文。 这是一段...
Dimensions can be in units of em, ex, in, pt, pc,
cm, mm, dd, cc, bp, or sp; but yours is a new one!
I'll assume that you meant to say pt, for printer's points.
To recover gracefully from this error, it's best to
delete the erroneous units; e.g., type `2' to delete
two letters. (See Chapter 27 of The TeXbook.)

Missing character: There is no 这 in font nullfont!
Missing character: There is no 是 in font nullfont!
Missing character: There is no 一 in font nullfont!
Missing character: There is no 段 in font nullfont!
Missing character: There is no 正 in font nullfont!
Missing character: There is no 文 in font nullfont!
Missing character: There is no 。 in font nullfont!
! Missing number, treated as zero.
<to be read again> 
                   \c__xeCJK_xeCJK/SimSun(0)/m/n/10.53937/quanjiao/dim/rule/...
l.52 ^^I这是一段正文。 这是一段正文。 这是一段正文。 这是一段正文。 
                                        这是一段正文。 这是一段正文。 这是一段正文。 这是一段正文。 这是一段...
A number should have been here; I inserted `0'.
(If you can't figure out why I needed to see a number,
look up `weird error' in the index to The TeXbook.)

! Illegal unit of measure (pt inserted).
<to be read again> 
                   \c__xeCJK_xeCJK/SimSun(0)/m/n/10.53937/quanjiao/dim/rule/...
l.52 ^^I这是一段正文。 这是一段正文。 这是一段正文。 这是一段正文。 
                                        这是一段正文。 这是一段正文。 这是一段正文。 这是一段正文。 这是一段...
Dimensions can be in units of em, ex, in, pt, pc,
cm, mm, dd, cc, bp, or sp; but yours is a new one!
I'll assume that you meant to say pt, for printer's points.
To recover gracefully from this error, it's best to
delete the erroneous units; e.g., type `2' to delete
two letters. (See Chapter 27 of The TeXbook.)

Missing character: There is no d in font nullfont!
Missing character: There is no e in font nullfont!
Missing character: There is no p in font nullfont!
Missing character: There is no t in font nullfont!
Missing character: There is no h in font nullfont!
! Missing number, treated as zero.
<to be read again> 
                   h
l.52 ^^I这是一段正文。 这是一段正文。 这是一段正文。 这是一段正文。 
                                        这是一段正文。 这是一段正文。 这是一段正文。 这是一段正文。 这是一段...
A number should have been here; I inserted `0'.
(If you can't figure out why I needed to see a number,
look up `weird error' in the index to The TeXbook.)

! Illegal unit of measure (pt inserted).
<to be read again> 
                   h
l.52 ^^I这是一段正文。 这是一段正文。 这是一段正文。 这是一段正文。 
                                        这是一段正文。 这是一段正文。 这是一段正文。 这是一段正文。 这是一段...
Dimensions can be in units of em, ex, in, pt, pc,
cm, mm, dd, cc, bp, or sp; but yours is a new one!
I'll assume that you meant to say pt, for printer's points.
To recover gracefully from this error, it's best to
delete the erroneous units; e.g., type `2' to delete
two letters. (See Chapter 27 of The TeXbook.)

Missing character: There is no h in font nullfont!
Missing character: There is no e in font nullfont!
Missing character: There is no i in font nullfont!
Missing character: There is no g in font nullfont!
Missing character: There is no h in font nullfont!
Missing character: There is no t in font nullfont!
! Missing number, treated as zero.
<to be read again> 
                   \scan_stop: 
l.52 ^^I这是一段正文。 这是一段正文。 这是一段正文。 这是一段正文。 
                                        这是一段正文。 这是一段正文。 这是一段正文。 这是一段正文。 这是一段...
A number should have been here; I inserted `0'.
(If you can't figure out why I needed to see a number,
look up `weird error' in the index to The TeXbook.)

! Illegal unit of measure (pt inserted).
<to be read again> 
                   \scan_stop: 
l.52 ^^I这是一段正文。 这是一段正文。 这是一段正文。 这是一段正文。 
                                        这是一段正文。 这是一段正文。 这是一段正文。 这是一段正文。 这是一段...
Dimensions can be in units of em, ex, in, pt, pc,
cm, mm, dd, cc, bp, or sp; but yours is a new one!
I'll assume that you meant to say pt, for printer's points.
To recover gracefully from this error, it's best to
delete the erroneous units; e.g., type `2' to delete
two letters. (See Chapter 27 of The TeXbook.)

! Missing number, treated as zero.
<to be read again> 
                   \c__xeCJK_xeCJK/SimSun(0)/m/n/10.53937/quanjiao/dim/bound...
l.52 ^^I这是一段正文。 这是一段正文。 这是一段正文。 这是一段正文。 
                                        这是一段正文。 这是一段正文。 这是一段正文。 这是一段正文。 这是一段...
A number should have been here; I inserted `0'.
(If you can't figure out why I needed to see a number,
look up `weird error' in the index to The TeXbook.)

! Illegal unit of measure (pt inserted).
<to be read again> 
                   \c__xeCJK_xeCJK/SimSun(0)/m/n/10.53937/quanjiao/dim/bound...
l.52 ^^I这是一段正文。 这是一段正文。 这是一段正文。 这是一段正文。 
                                        这是一段正文。 这是一段正文。 这是一段正文。 这是一段正文。 这是一段...
Dimensions can be in units of em, ex, in, pt, pc,
cm, mm, dd, cc, bp, or sp; but yours is a new one!
I'll assume that you meant to say pt, for printer's points.
To recover gracefully from this error, it's best to
delete the erroneous units; e.g., type `2' to delete
two letters. (See Chapter 27 of The TeXbook.)

! Missing number, treated as zero.
<to be read again> 
                   \c__xeCJK_xeCJK/SimSun(0)/m/n/10.53937/quanjiao/skip/glue...
l.52 ^^I这是一段正文。 这是一段正文。 这是一段正文。 这是一段正文。 
                                        这是一段正文。 这是一段正文。 这是一段正文。 这是一段正文。 这是一段...
A number should have been here; I inserted `0'.
(If you can't figure out why I needed to see a number,
look up `weird error' in the index to The TeXbook.)

! Illegal unit of measure (pt inserted).
<to be read again> 
                   \c__xeCJK_xeCJK/SimSun(0)/m/n/10.53937/quanjiao/skip/glue...
l.52 ^^I这是一段正文。 这是一段正文。 这是一段正文。 这是一段正文。 
                                        这是一段正文。 这是一段正文。 这是一段正文。 这是一段正文。 这是一段...
Dimensions can be in units of em, ex, in, pt, pc,
cm, mm, dd, cc, bp, or sp; but yours is a new one!
I'll assume that you meant to say pt, for printer's points.
To recover gracefully from this error, it's best to
delete the erroneous units; e.g., type `2' to delete
two letters. (See Chapter 27 of The TeXbook.)

Missing character: There is no 这 in font nullfont!
Missing character: There is no 是 in font nullfont!
Missing character: There is no 一 in font nullfont!
Missing character: There is no 段 in font nullfont!
Missing character: There is no 正 in font nullfont!
Missing character: There is no 文 in font nullfont!
Missing character: There is no 。 in font nullfont!
! Missing number, treated as zero.
<to be read again> 
                   \c__xeCJK_xeCJK/SimSun(0)/m/n/10.53937/quanjiao/dim/rule/...
l.52 ^^I这是一段正文。 这是一段正文。 这是一段正文。 这是一段正文。 这是一段正文。 
                                                这是一段正文。 这是一段正文。 这是一段正文。 这是一段...
A number should have been here; I inserted `0'.
(If you can't figure out why I needed to see a number,
look up `weird error' in the index to The TeXbook.)

! Illegal unit of measure (pt inserted).
<to be read again> 
                   \c__xeCJK_xeCJK/SimSun(0)/m/n/10.53937/quanjiao/dim/rule/...
l.52 ^^I这是一段正文。 这是一段正文。 这是一段正文。 这是一段正文。 这是一段正文。 
                                                这是一段正文。 这是一段正文。 这是一段正文。 这是一段...
Dimensions can be in units of em, ex, in, pt, pc,
cm, mm, dd, cc, bp, or sp; but yours is a new one!
I'll assume that you meant to say pt, for printer's points.
To recover gracefully from this error, it's best to
delete the erroneous units; e.g., type `2' to delete
two letters. (See Chapter 27 of The TeXbook.)

Missing character: There is no d in font nullfont!
Missing character: There is no e in font nullfont!
Missing character: There is no p in font nullfont!
Missing character: There is no t in font nullfont!
Missing character: There is no h in font nullfont!
! Missing number, treated as zero.
<to be read again> 
                   h
l.52 ^^I这是一段正文。 这是一段正文。 这是一段正文。 这是一段正文。 这是一段正文。 
                                                这是一段正文。 这是一段正文。 这是一段正文。 这是一段...
A number should have been here; I inserted `0'.
(If you can't figure out why I needed to see a number,
look up `weird error' in the index to The TeXbook.)

! Illegal unit of measure (pt inserted).
<to be read again> 
                   h
l.52 ^^I这是一段正文。 这是一段正文。 这是一段正文。 这是一段正文。 这是一段正文。 
                                                这是一段正文。 这是一段正文。 这是一段正文。 这是一段...
Dimensions can be in units of em, ex, in, pt, pc,
cm, mm, dd, cc, bp, or sp; but yours is a new one!
I'll assume that you meant to say pt, for printer's points.
To recover gracefully from this error, it's best to
delete the erroneous units; e.g., type `2' to delete
two letters. (See Chapter 27 of The TeXbook.)

Missing character: There is no h in font nullfont!
Missing character: There is no e in font nullfont!
Missing character: There is no i in font nullfont!
Missing character: There is no g in font nullfont!
Missing character: There is no h in font nullfont!
Missing character: There is no t in font nullfont!
! Missing number, treated as zero.
<to be read again> 
                   \scan_stop: 
l.52 ^^I这是一段正文。 这是一段正文。 这是一段正文。 这是一段正文。 这是一段正文。 
                                                这是一段正文。 这是一段正文。 这是一段正文。 这是一段...
A number should have been here; I inserted `0'.
(If you can't figure out why I needed to see a number,
look up `weird error' in the index to The TeXbook.)

! Illegal unit of measure (pt inserted).
<to be read again> 
                   \scan_stop: 
l.52 ^^I这是一段正文。 这是一段正文。 这是一段正文。 这是一段正文。 这是一段正文。 
                                                这是一段正文。 这是一段正文。 这是一段正文。 这是一段...
Dimensions can be in units of em, ex, in, pt, pc,
cm, mm, dd, cc, bp, or sp; but yours is a new one!
I'll assume that you meant to say pt, for printer's points.
To recover gracefully from this error, it's best to
delete the erroneous units; e.g., type `2' to delete
two letters. (See Chapter 27 of The TeXbook.)

! Missing number, treated as zero.
<to be read again> 
                   \c__xeCJK_xeCJK/SimSun(0)/m/n/10.53937/quanjiao/dim/bound...
l.52 ^^I这是一段正文。 这是一段正文。 这是一段正文。 这是一段正文。 这是一段正文。 
                                                这是一段正文。 这是一段正文。 这是一段正文。 这是一段...
A number should have been here; I inserted `0'.
(If you can't figure out why I needed to see a number,
look up `weird error' in the index to The TeXbook.)

! Illegal unit of measure (pt inserted).
<to be read again> 
                   \c__xeCJK_xeCJK/SimSun(0)/m/n/10.53937/quanjiao/dim/bound...
l.52 ^^I这是一段正文。 这是一段正文。 这是一段正文。 这是一段正文。 这是一段正文。 
                                                这是一段正文。 这是一段正文。 这是一段正文。 这是一段...
Dimensions can be in units of em, ex, in, pt, pc,
cm, mm, dd, cc, bp, or sp; but yours is a new one!
I'll assume that you meant to say pt, for printer's points.
To recover gracefully from this error, it's best to
delete the erroneous units; e.g., type `2' to delete
two letters. (See Chapter 27 of The TeXbook.)

! Missing number, treated as zero.
<to be read again> 
                   \c__xeCJK_xeCJK/SimSun(0)/m/n/10.53937/quanjiao/skip/glue...
l.52 ^^I这是一段正文。 这是一段正文。 这是一段正文。 这是一段正文。 这是一段正文。 
                                                这是一段正文。 这是一段正文。 这是一段正文。 这是一段...
A number should have been here; I inserted `0'.
(If you can't figure out why I needed to see a number,
look up `weird error' in the index to The TeXbook.)

! Illegal unit of measure (pt inserted).
<to be read again> 
                   \c__xeCJK_xeCJK/SimSun(0)/m/n/10.53937/quanjiao/skip/glue...
l.52 ^^I这是一段正文。 这是一段正文。 这是一段正文。 这是一段正文。 这是一段正文。 
                                                这是一段正文。 这是一段正文。 这是一段正文。 这是一段...
Dimensions can be in units of em, ex, in, pt, pc,
cm, mm, dd, cc, bp, or sp; but yours is a new one!
I'll assume that you meant to say pt, for printer's points.
To recover gracefully from this error, it's best to
delete the erroneous units; e.g., type `2' to delete
two letters. (See Chapter 27 of The TeXbook.)

Missing character: There is no 这 in font nullfont!
Missing character: There is no 是 in font nullfont!
Missing character: There is no 一 in font nullfont!
Missing character: There is no 段 in font nullfont!
Missing character: There is no 正 in font nullfont!
Missing character: There is no 文 in font nullfont!
Missing character: There is no 。 in font nullfont!
! Missing number, treated as zero.
<to be read again> 
                   \c__xeCJK_xeCJK/SimSun(0)/m/n/10.53937/quanjiao/dim/rule/...
l.52 ...。 这是一段正文。 这是一段正文。 这是一段正文。 这是一段正文。 这是一段正文。 
                                                  这是一段正文。 这是一段正文。 这是一段正文。 这是...
A number should have been here; I inserted `0'.
(If you can't figure out why I needed to see a number,
look up `weird error' in the index to The TeXbook.)

! Illegal unit of measure (pt inserted).
<to be read again> 
                   \c__xeCJK_xeCJK/SimSun(0)/m/n/10.53937/quanjiao/dim/rule/...
l.52 ...。 这是一段正文。 这是一段正文。 这是一段正文。 这是一段正文。 这是一段正文。 
                                                  这是一段正文。 这是一段正文。 这是一段正文。 这是...
Dimensions can be in units of em, ex, in, pt, pc,
cm, mm, dd, cc, bp, or sp; but yours is a new one!
I'll assume that you meant to say pt, for printer's points.
To recover gracefully from this error, it's best to
delete the erroneous units; e.g., type `2' to delete
two letters. (See Chapter 27 of The TeXbook.)

Missing character: There is no d in font nullfont!
Missing character: There is no e in font nullfont!
Missing character: There is no p in font nullfont!
Missing character: There is no t in font nullfont!
Missing character: There is no h in font nullfont!
! Missing number, treated as zero.
<to be read again> 
                   h
l.52 ...。 这是一段正文。 这是一段正文。 这是一段正文。 这是一段正文。 这是一段正文。 
                                                  这是一段正文。 这是一段正文。 这是一段正文。 这是...
A number should have been here; I inserted `0'.
(If you can't figure out why I needed to see a number,
look up `weird error' in the index to The TeXbook.)

! Illegal unit of measure (pt inserted).
<to be read again> 
                   h
l.52 ...。 这是一段正文。 这是一段正文。 这是一段正文。 这是一段正文。 这是一段正文。 
                                                  这是一段正文。 这是一段正文。 这是一段正文。 这是...
Dimensions can be in units of em, ex, in, pt, pc,
cm, mm, dd, cc, bp, or sp; but yours is a new one!
I'll assume that you meant to say pt, for printer's points.
To recover gracefully from this error, it's best to
delete the erroneous units; e.g., type `2' to delete
two letters. (See Chapter 27 of The TeXbook.)

Missing character: There is no h in font nullfont!
Missing character: There is no e in font nullfont!
Missing character: There is no i in font nullfont!
Missing character: There is no g in font nullfont!
Missing character: There is no h in font nullfont!
Missing character: There is no t in font nullfont!
! Missing number, treated as zero.
<to be read again> 
                   \scan_stop: 
l.52 ...。 这是一段正文。 这是一段正文。 这是一段正文。 这是一段正文。 这是一段正文。 
                                                  这是一段正文。 这是一段正文。 这是一段正文。 这是...
A number should have been here; I inserted `0'.
(If you can't figure out why I needed to see a number,
look up `weird error' in the index to The TeXbook.)

! Illegal unit of measure (pt inserted).
<to be read again> 
                   \scan_stop: 
l.52 ...。 这是一段正文。 这是一段正文。 这是一段正文。 这是一段正文。 这是一段正文。 
                                                  这是一段正文。 这是一段正文。 这是一段正文。 这是...
Dimensions can be in units of em, ex, in, pt, pc,
cm, mm, dd, cc, bp, or sp; but yours is a new one!
I'll assume that you meant to say pt, for printer's points.
To recover gracefully from this error, it's best to
delete the erroneous units; e.g., type `2' to delete
two letters. (See Chapter 27 of The TeXbook.)

! Missing number, treated as zero.
<to be read again> 
                   \c__xeCJK_xeCJK/SimSun(0)/m/n/10.53937/quanjiao/dim/bound...
l.52 ...。 这是一段正文。 这是一段正文。 这是一段正文。 这是一段正文。 这是一段正文。 
                                                  这是一段正文。 这是一段正文。 这是一段正文。 这是...
A number should have been here; I inserted `0'.
(If you can't figure out why I needed to see a number,
look up `weird error' in the index to The TeXbook.)

! Illegal unit of measure (pt inserted).
<to be read again> 
                   \c__xeCJK_xeCJK/SimSun(0)/m/n/10.53937/quanjiao/dim/bound...
l.52 ...。 这是一段正文。 这是一段正文。 这是一段正文。 这是一段正文。 这是一段正文。 
                                                  这是一段正文。 这是一段正文。 这是一段正文。 这是...
Dimensions can be in units of em, ex, in, pt, pc,
cm, mm, dd, cc, bp, or sp; but yours is a new one!
I'll assume that you meant to say pt, for printer's points.
To recover gracefully from this error, it's best to
delete the erroneous units; e.g., type `2' to delete
two letters. (See Chapter 27 of The TeXbook.)

! Missing number, treated as zero.
<to be read again> 
                   \c__xeCJK_xeCJK/SimSun(0)/m/n/10.53937/quanjiao/skip/glue...
l.52 ...。 这是一段正文。 这是一段正文。 这是一段正文。 这是一段正文。 这是一段正文。 
                                                  这是一段正文。 这是一段正文。 这是一段正文。 这是...
A number should have been here; I inserted `0'.
(If you can't figure out why I needed to see a number,
look up `weird error' in the index to The TeXbook.)

! Illegal unit of measure (pt inserted).
<to be read again> 
                   \c__xeCJK_xeCJK/SimSun(0)/m/n/10.53937/quanjiao/skip/glue...
l.52 ...。 这是一段正文。 这是一段正文。 这是一段正文。 这是一段正文。 这是一段正文。 
                                                  这是一段正文。 这是一段正文。 这是一段正文。 这是...
Dimensions can be in units of em, ex, in, pt, pc,
cm, mm, dd, cc, bp, or sp; but yours is a new one!
I'll assume that you meant to say pt, for printer's points.
To recover gracefully from this error, it's best to
delete the erroneous units; e.g., type `2' to delete
two letters. (See Chapter 27 of The TeXbook.)

Missing character: There is no 这 in font nullfont!
Missing character: There is no 是 in font nullfont!
Missing character: There is no 一 in font nullfont!
Missing character: There is no 段 in font nullfont!
Missing character: There is no 正 in font nullfont!
Missing character: There is no 文 in font nullfont!
Missing character: There is no 。 in font nullfont!
! Missing number, treated as zero.
<to be read again> 
                   \c__xeCJK_xeCJK/SimSun(0)/m/n/10.53937/quanjiao/dim/rule/...
l.52 ...。 这是一段正文。 这是一段正文。 这是一段正文。 这是一段正文。 这是一段正文。 
                                                  这是一段正文。 这是一段正文。 这是一段正文。 这是...
A number should have been here; I inserted `0'.
(If you can't figure out why I needed to see a number,
look up `weird error' in the index to The TeXbook.)

! Illegal unit of measure (pt inserted).
<to be read again> 
                   \c__xeCJK_xeCJK/SimSun(0)/m/n/10.53937/quanjiao/dim/rule/...
l.52 ...。 这是一段正文。 这是一段正文。 这是一段正文。 这是一段正文。 这是一段正文。 
                                                  这是一段正文。 这是一段正文。 这是一段正文。 这是...
Dimensions can be in units of em, ex, in, pt, pc,
cm, mm, dd, cc, bp, or sp; but yours is a new one!
I'll assume that you meant to say pt, for printer's points.
To recover gracefully from this error, it's best to
delete the erroneous units; e.g., type `2' to delete
two letters. (See Chapter 27 of The TeXbook.)

Missing character: There is no d in font nullfont!
Missing character: There is no e in font nullfont!
Missing character: There is no p in font nullfont!
Missing character: There is no t in font nullfont!
Missing character: There is no h in font nullfont!
! Missing number, treated as zero.
<to be read again> 
                   h
l.52 ...。 这是一段正文。 这是一段正文。 这是一段正文。 这是一段正文。 这是一段正文。 
                                                  这是一段正文。 这是一段正文。 这是一段正文。 这是...
A number should have been here; I inserted `0'.
(If you can't figure out why I needed to see a number,
look up `weird error' in the index to The TeXbook.)

! Illegal unit of measure (pt inserted).
<to be read again> 
                   h
l.52 ...。 这是一段正文。 这是一段正文。 这是一段正文。 这是一段正文。 这是一段正文。 
                                                  这是一段正文。 这是一段正文。 这是一段正文。 这是...
Dimensions can be in units of em, ex, in, pt, pc,
cm, mm, dd, cc, bp, or sp; but yours is a new one!
I'll assume that you meant to say pt, for printer's points.
To recover gracefully from this error, it's best to
delete the erroneous units; e.g., type `2' to delete
two letters. (See Chapter 27 of The TeXbook.)

Missing character: There is no h in font nullfont!
Missing character: There is no e in font nullfont!
Missing character: There is no i in font nullfont!
Missing character: There is no g in font nullfont!
Missing character: There is no h in font nullfont!
Missing character: There is no t in font nullfont!
! Missing number, treated as zero.
<to be read again> 
                   \scan_stop: 
l.52 ...。 这是一段正文。 这是一段正文。 这是一段正文。 这是一段正文。 这是一段正文。 
                                                  这是一段正文。 这是一段正文。 这是一段正文。 这是...
A number should have been here; I inserted `0'.
(If you can't figure out why I needed to see a number,
look up `weird error' in the index to The TeXbook.)

! Illegal unit of measure (pt inserted).
<to be read again> 
                   \scan_stop: 
l.52 ...。 这是一段正文。 这是一段正文。 这是一段正文。 这是一段正文。 这是一段正文。 
                                                  这是一段正文。 这是一段正文。 这是一段正文。 这是...
Dimensions can be in units of em, ex, in, pt, pc,
cm, mm, dd, cc, bp, or sp; but yours is a new one!
I'll assume that you meant to say pt, for printer's points.
To recover gracefully from this error, it's best to
delete the erroneous units; e.g., type `2' to delete
two letters. (See Chapter 27 of The TeXbook.)

! Missing number, treated as zero.
<to be read again> 
                   \c__xeCJK_xeCJK/SimSun(0)/m/n/10.53937/quanjiao/dim/bound...
l.52 ...。 这是一段正文。 这是一段正文。 这是一段正文。 这是一段正文。 这是一段正文。 
                                                  这是一段正文。 这是一段正文。 这是一段正文。 这是...
A number should have been here; I inserted `0'.
(If you can't figure out why I needed to see a number,
look up `weird error' in the index to The TeXbook.)

! Illegal unit of measure (pt inserted).
<to be read again> 
                   \c__xeCJK_xeCJK/SimSun(0)/m/n/10.53937/quanjiao/dim/bound...
l.52 ...。 这是一段正文。 这是一段正文。 这是一段正文。 这是一段正文。 这是一段正文。 
                                                  这是一段正文。 这是一段正文。 这是一段正文。 这是...
Dimensions can be in units of em, ex, in, pt, pc,
cm, mm, dd, cc, bp, or sp; but yours is a new one!
I'll assume that you meant to say pt, for printer's points.
To recover gracefully from this error, it's best to
delete the erroneous units; e.g., type `2' to delete
two letters. (See Chapter 27 of The TeXbook.)

! Missing number, treated as zero.
<to be read again> 
                   \c__xeCJK_xeCJK/SimSun(0)/m/n/10.53937/quanjiao/skip/glue...
l.52 ...。 这是一段正文。 这是一段正文。 这是一段正文。 这是一段正文。 这是一段正文。 
                                                  这是一段正文。 这是一段正文。 这是一段正文。 这是...
A number should have been here; I inserted `0'.
(If you can't figure out why I needed to see a number,
look up `weird error' in the index to The TeXbook.)

! Illegal unit of measure (pt inserted).
<to be read again> 
                   \c__xeCJK_xeCJK/SimSun(0)/m/n/10.53937/quanjiao/skip/glue...
l.52 ...。 这是一段正文。 这是一段正文。 这是一段正文。 这是一段正文。 这是一段正文。 
                                                  这是一段正文。 这是一段正文。 这是一段正文。 这是...
Dimensions can be in units of em, ex, in, pt, pc,
cm, mm, dd, cc, bp, or sp; but yours is a new one!
I'll assume that you meant to say pt, for printer's points.
To recover gracefully from this error, it's best to
delete the erroneous units; e.g., type `2' to delete
two letters. (See Chapter 27 of The TeXbook.)

Missing character: There is no 这 in font nullfont!
Missing character: There is no 是 in font nullfont!
Missing character: There is no 一 in font nullfont!
Missing character: There is no 段 in font nullfont!
Missing character: There is no 正 in font nullfont!
Missing character: There is no 文 in font nullfont!
Missing character: There is no 。 in font nullfont!
! Missing number, treated as zero.
<to be read again> 
                   \c__xeCJK_xeCJK/SimSun(0)/m/n/10.53937/quanjiao/dim/rule/...
l.52 ...。 这是一段正文。 这是一段正文。 这是一段正文。 这是一段正文。 这是一段正文。 
                                                  这是一段正文。 这是一段正文。 这是一段正文。 这是...
A number should have been here; I inserted `0'.
(If you can't figure out why I needed to see a number,
look up `weird error' in the index to The TeXbook.)

! Illegal unit of measure (pt inserted).
<to be read again> 
                   \c__xeCJK_xeCJK/SimSun(0)/m/n/10.53937/quanjiao/dim/rule/...
l.52 ...。 这是一段正文。 这是一段正文。 这是一段正文。 这是一段正文。 这是一段正文。 
                                                  这是一段正文。 这是一段正文。 这是一段正文。 这是...
Dimensions can be in units of em, ex, in, pt, pc,
cm, mm, dd, cc, bp, or sp; but yours is a new one!
I'll assume that you meant to say pt, for printer's points.
To recover gracefully from this error, it's best to
delete the erroneous units; e.g., type `2' to delete
two letters. (See Chapter 27 of The TeXbook.)

Missing character: There is no d in font nullfont!
Missing character: There is no e in font nullfont!
Missing character: There is no p in font nullfont!
Missing character: There is no t in font nullfont!
Missing character: There is no h in font nullfont!
! Missing number, treated as zero.
<to be read again> 
                   h
l.52 ...。 这是一段正文。 这是一段正文。 这是一段正文。 这是一段正文。 这是一段正文。 
                                                  这是一段正文。 这是一段正文。 这是一段正文。 这是...
A number should have been here; I inserted `0'.
(If you can't figure out why I needed to see a number,
look up `weird error' in the index to The TeXbook.)

! Illegal unit of measure (pt inserted).
<to be read again> 
                   h
l.52 ...。 这是一段正文。 这是一段正文。 这是一段正文。 这是一段正文。 这是一段正文。 
                                                  这是一段正文。 这是一段正文。 这是一段正文。 这是...
Dimensions can be in units of em, ex, in, pt, pc,
cm, mm, dd, cc, bp, or sp; but yours is a new one!
I'll assume that you meant to say pt, for printer's points.
To recover gracefully from this error, it's best to
delete the erroneous units; e.g., type `2' to delete
two letters. (See Chapter 27 of The TeXbook.)

Missing character: There is no h in font nullfont!
Missing character: There is no e in font nullfont!
Missing character: There is no i in font nullfont!
Missing character: There is no g in font nullfont!
Missing character: There is no h in font nullfont!
Missing character: There is no t in font nullfont!
! Missing number, treated as zero.
<to be read again> 
                   \scan_stop: 
l.52 ...。 这是一段正文。 这是一段正文。 这是一段正文。 这是一段正文。 这是一段正文。 
                                                  这是一段正文。 这是一段正文。 这是一段正文。 这是...
A number should have been here; I inserted `0'.
(If you can't figure out why I needed to see a number,
look up `weird error' in the index to The TeXbook.)

! Illegal unit of measure (pt inserted).
<to be read again> 
                   \scan_stop: 
l.52 ...。 这是一段正文。 这是一段正文。 这是一段正文。 这是一段正文。 这是一段正文。 
                                                  这是一段正文。 这是一段正文。 这是一段正文。 这是...
Dimensions can be in units of em, ex, in, pt, pc,
cm, mm, dd, cc, bp, or sp; but yours is a new one!
I'll assume that you meant to say pt, for printer's points.
To recover gracefully from this error, it's best to
delete the erroneous units; e.g., type `2' to delete
two letters. (See Chapter 27 of The TeXbook.)

! Missing number, treated as zero.
<to be read again> 
                   \c__xeCJK_xeCJK/SimSun(0)/m/n/10.53937/quanjiao/dim/bound...
l.52 ...。 这是一段正文。 这是一段正文。 这是一段正文。 这是一段正文。 这是一段正文。 
                                                  这是一段正文。 这是一段正文。 这是一段正文。 这是...
A number should have been here; I inserted `0'.
(If you can't figure out why I needed to see a number,
look up `weird error' in the index to The TeXbook.)

! Illegal unit of measure (pt inserted).
<to be read again> 
                   \c__xeCJK_xeCJK/SimSun(0)/m/n/10.53937/quanjiao/dim/bound...
l.52 ...。 这是一段正文。 这是一段正文。 这是一段正文。 这是一段正文。 这是一段正文。 
                                                  这是一段正文。 这是一段正文。 这是一段正文。 这是...
Dimensions can be in units of em, ex, in, pt, pc,
cm, mm, dd, cc, bp, or sp; but yours is a new one!
I'll assume that you meant to say pt, for printer's points.
To recover gracefully from this error, it's best to
delete the erroneous units; e.g., type `2' to delete
two letters. (See Chapter 27 of The TeXbook.)

! Missing number, treated as zero.
<to be read again> 
                   \c__xeCJK_xeCJK/SimSun(0)/m/n/10.53937/quanjiao/skip/glue...
l.52 ...。 这是一段正文。 这是一段正文。 这是一段正文。 这是一段正文。 这是一段正文。 
                                                  这是一段正文。 这是一段正文。 这是一段正文。 这是...
A number should have been here; I inserted `0'.
(If you can't figure out why I needed to see a number,
look up `weird error' in the index to The TeXbook.)

! Illegal unit of measure (pt inserted).
<to be read again> 
                   \c__xeCJK_xeCJK/SimSun(0)/m/n/10.53937/quanjiao/skip/glue...
l.52 ...。 这是一段正文。 这是一段正文。 这是一段正文。 这是一段正文。 这是一段正文。 
                                                  这是一段正文。 这是一段正文。 这是一段正文。 这是...
Dimensions can be in units of em, ex, in, pt, pc,
cm, mm, dd, cc, bp, or sp; but yours is a new one!
I'll assume that you meant to say pt, for printer's points.
To recover gracefully from this error, it's best to
delete the erroneous units; e.g., type `2' to delete
two letters. (See Chapter 27 of The TeXbook.)

Missing character: There is no 这 in font nullfont!
Missing character: There is no 是 in font nullfont!
Missing character: There is no 一 in font nullfont!
Missing character: There is no 段 in font nullfont!
Missing character: There is no 正 in font nullfont!
Missing character: There is no 文 in font nullfont!
Missing character: There is no 。 in font nullfont!
! Missing number, treated as zero.
<to be read again> 
                   \c__xeCJK_xeCJK/SimSun(0)/m/n/10.53937/quanjiao/dim/rule/...
l.52 ...。 这是一段正文。 这是一段正文。 这是一段正文。 这是一段正文。 这是一段正文。 
                                                  这是一段正文。 这是一段正文。 这是一段正文。 这是...
A number should have been here; I inserted `0'.
(If you can't figure out why I needed to see a number,
look up `weird error' in the index to The TeXbook.)

! Illegal unit of measure (pt inserted).
<to be read again> 
                   \c__xeCJK_xeCJK/SimSun(0)/m/n/10.53937/quanjiao/dim/rule/...
l.52 ...。 这是一段正文。 这是一段正文。 这是一段正文。 这是一段正文。 这是一段正文。 
                                                  这是一段正文。 这是一段正文。 这是一段正文。 这是...
Dimensions can be in units of em, ex, in, pt, pc,
cm, mm, dd, cc, bp, or sp; but yours is a new one!
I'll assume that you meant to say pt, for printer's points.
To recover gracefully from this error, it's best to
delete the erroneous units; e.g., type `2' to delete
two letters. (See Chapter 27 of The TeXbook.)

Missing character: There is no d in font nullfont!
Missing character: There is no e in font nullfont!
Missing character: There is no p in font nullfont!
Missing character: There is no t in font nullfont!
Missing character: There is no h in font nullfont!
! Missing number, treated as zero.
<to be read again> 
                   h
l.52 ...。 这是一段正文。 这是一段正文。 这是一段正文。 这是一段正文。 这是一段正文。 
                                                  这是一段正文。 这是一段正文。 这是一段正文。 这是...
A number should have been here; I inserted `0'.
(If you can't figure out why I needed to see a number,
look up `weird error' in the index to The TeXbook.)

! Illegal unit of measure (pt inserted).
<to be read again> 
                   h
l.52 ...。 这是一段正文。 这是一段正文。 这是一段正文。 这是一段正文。 这是一段正文。 
                                                  这是一段正文。 这是一段正文。 这是一段正文。 这是...
Dimensions can be in units of em, ex, in, pt, pc,
cm, mm, dd, cc, bp, or sp; but yours is a new one!
I'll assume that you meant to say pt, for printer's points.
To recover gracefully from this error, it's best to
delete the erroneous units; e.g., type `2' to delete
two letters. (See Chapter 27 of The TeXbook.)

Missing character: There is no h in font nullfont!
Missing character: There is no e in font nullfont!
Missing character: There is no i in font nullfont!
Missing character: There is no g in font nullfont!
Missing character: There is no h in font nullfont!
Missing character: There is no t in font nullfont!
! Missing number, treated as zero.
<to be read again> 
                   \scan_stop: 
l.52 ...。 这是一段正文。 这是一段正文。 这是一段正文。 这是一段正文。 这是一段正文。 
                                                  这是一段正文。 这是一段正文。 这是一段正文。 这是...
A number should have been here; I inserted `0'.
(If you can't figure out why I needed to see a number,
look up `weird error' in the index to The TeXbook.)

! Illegal unit of measure (pt inserted).
<to be read again> 
                   \scan_stop: 
l.52 ...。 这是一段正文。 这是一段正文。 这是一段正文。 这是一段正文。 这是一段正文。 
                                                  这是一段正文。 这是一段正文。 这是一段正文。 这是...
Dimensions can be in units of em, ex, in, pt, pc,
cm, mm, dd, cc, bp, or sp; but yours is a new one!
I'll assume that you meant to say pt, for printer's points.
To recover gracefully from this error, it's best to
delete the erroneous units; e.g., type `2' to delete
two letters. (See Chapter 27 of The TeXbook.)

! Missing number, treated as zero.
<to be read again> 
                   \c__xeCJK_xeCJK/SimSun(0)/m/n/10.53937/quanjiao/dim/bound...
l.52 ...。 这是一段正文。 这是一段正文。 这是一段正文。 这是一段正文。 这是一段正文。 
                                                  这是一段正文。 这是一段正文。 这是一段正文。 这是...
A number should have been here; I inserted `0'.
(If you can't figure out why I needed to see a number,
look up `weird error' in the index to The TeXbook.)

! Illegal unit of measure (pt inserted).
<to be read again> 
                   \c__xeCJK_xeCJK/SimSun(0)/m/n/10.53937/quanjiao/dim/bound...
l.52 ...。 这是一段正文。 这是一段正文。 这是一段正文。 这是一段正文。 这是一段正文。 
                                                  这是一段正文。 这是一段正文。 这是一段正文。 这是...
Dimensions can be in units of em, ex, in, pt, pc,
cm, mm, dd, cc, bp, or sp; but yours is a new one!
I'll assume that you meant to say pt, for printer's points.
To recover gracefully from this error, it's best to
delete the erroneous units; e.g., type `2' to delete
two letters. (See Chapter 27 of The TeXbook.)

! Missing number, treated as zero.
<to be read again> 
                   \c__xeCJK_xeCJK/SimSun(0)/m/n/10.53937/quanjiao/skip/glue...
l.52 ...。 这是一段正文。 这是一段正文。 这是一段正文。 这是一段正文。 这是一段正文。 
                                                  这是一段正文。 这是一段正文。 这是一段正文。 这是...
A number should have been here; I inserted `0'.
(If you can't figure out why I needed to see a number,
look up `weird error' in the index to The TeXbook.)

! Illegal unit of measure (pt inserted).
<to be read again> 
                   \c__xeCJK_xeCJK/SimSun(0)/m/n/10.53937/quanjiao/skip/glue...
l.52 ...。 这是一段正文。 这是一段正文。 这是一段正文。 这是一段正文。 这是一段正文。 
                                                  这是一段正文。 这是一段正文。 这是一段正文。 这是...
Dimensions can be in units of em, ex, in, pt, pc,
cm, mm, dd, cc, bp, or sp; but yours is a new one!
I'll assume that you meant to say pt, for printer's points.
To recover gracefully from this error, it's best to
delete the erroneous units; e.g., type `2' to delete
two letters. (See Chapter 27 of The TeXbook.)

Missing character: There is no 这 in font nullfont!
Missing character: There is no 是 in font nullfont!
Missing character: There is no 一 in font nullfont!
Missing character: There is no 段 in font nullfont!
Missing character: There is no 正 in font nullfont!
Missing character: There is no 文 in font nullfont!
Missing character: There is no 。 in font nullfont!
! Missing number, treated as zero.
<to be read again> 
                   \c__xeCJK_xeCJK/SimSun(0)/m/n/10.53937/quanjiao/dim/rule/...
l.52 ...。 这是一段正文。 这是一段正文。 这是一段正文。 这是一段正文。 这是一段正文。 
                                                  这是一段正文。 这是一段正文。 这是一段正文。 这是...
A number should have been here; I inserted `0'.
(If you can't figure out why I needed to see a number,
look up `weird error' in the index to The TeXbook.)

! Illegal unit of measure (pt inserted).
<to be read again> 
                   \c__xeCJK_xeCJK/SimSun(0)/m/n/10.53937/quanjiao/dim/rule/...
l.52 ...。 这是一段正文。 这是一段正文。 这是一段正文。 这是一段正文。 这是一段正文。 
                                                  这是一段正文。 这是一段正文。 这是一段正文。 这是...
Dimensions can be in units of em, ex, in, pt, pc,
cm, mm, dd, cc, bp, or sp; but yours is a new one!
I'll assume that you meant to say pt, for printer's points.
To recover gracefully from this error, it's best to
delete the erroneous units; e.g., type `2' to delete
two letters. (See Chapter 27 of The TeXbook.)

Missing character: There is no d in font nullfont!
Missing character: There is no e in font nullfont!
Missing character: There is no p in font nullfont!
Missing character: There is no t in font nullfont!
Missing character: There is no h in font nullfont!
! Missing number, treated as zero.
<to be read again> 
                   h
l.52 ...。 这是一段正文。 这是一段正文。 这是一段正文。 这是一段正文。 这是一段正文。 
                                                  这是一段正文。 这是一段正文。 这是一段正文。 这是...
A number should have been here; I inserted `0'.
(If you can't figure out why I needed to see a number,
look up `weird error' in the index to The TeXbook.)

! Illegal unit of measure (pt inserted).
<to be read again> 
                   h
l.52 ...。 这是一段正文。 这是一段正文。 这是一段正文。 这是一段正文。 这是一段正文。 
                                                  这是一段正文。 这是一段正文。 这是一段正文。 这是...
Dimensions can be in units of em, ex, in, pt, pc,
cm, mm, dd, cc, bp, or sp; but yours is a new one!
I'll assume that you meant to say pt, for printer's points.
To recover gracefully from this error, it's best to
delete the erroneous units; e.g., type `2' to delete
two letters. (See Chapter 27 of The TeXbook.)

Missing character: There is no h in font nullfont!
Missing character: There is no e in font nullfont!
Missing character: There is no i in font nullfont!
Missing character: There is no g in font nullfont!
Missing character: There is no h in font nullfont!
Missing character: There is no t in font nullfont!
! Missing number, treated as zero.
<to be read again> 
                   \scan_stop: 
l.52 ...。 这是一段正文。 这是一段正文。 这是一段正文。 这是一段正文。 这是一段正文。 
                                                  这是一段正文。 这是一段正文。 这是一段正文。 这是...
A number should have been here; I inserted `0'.
(If you can't figure out why I needed to see a number,
look up `weird error' in the index to The TeXbook.)

! Illegal unit of measure (pt inserted).
<to be read again> 
                   \scan_stop: 
l.52 ...。 这是一段正文。 这是一段正文。 这是一段正文。 这是一段正文。 这是一段正文。 
                                                  这是一段正文。 这是一段正文。 这是一段正文。 这是...
Dimensions can be in units of em, ex, in, pt, pc,
cm, mm, dd, cc, bp, or sp; but yours is a new one!
I'll assume that you meant to say pt, for printer's points.
To recover gracefully from this error, it's best to
delete the erroneous units; e.g., type `2' to delete
two letters. (See Chapter 27 of The TeXbook.)

! Missing number, treated as zero.
<to be read again> 
                   \c__xeCJK_xeCJK/SimSun(0)/m/n/10.53937/quanjiao/dim/bound...
l.52 ...。 这是一段正文。 这是一段正文。 这是一段正文。 这是一段正文。 这是一段正文。 
                                                  这是一段正文。 这是一段正文。 这是一段正文。 这是...
A number should have been here; I inserted `0'.
(If you can't figure out why I needed to see a number,
look up `weird error' in the index to The TeXbook.)

! Illegal unit of measure (pt inserted).
<to be read again> 
                   \c__xeCJK_xeCJK/SimSun(0)/m/n/10.53937/quanjiao/dim/bound...
l.52 ...。 这是一段正文。 这是一段正文。 这是一段正文。 这是一段正文。 这是一段正文。 
                                                  这是一段正文。 这是一段正文。 这是一段正文。 这是...
Dimensions can be in units of em, ex, in, pt, pc,
cm, mm, dd, cc, bp, or sp; but yours is a new one!
I'll assume that you meant to say pt, for printer's points.
To recover gracefully from this error, it's best to
delete the erroneous units; e.g., type `2' to delete
two letters. (See Chapter 27 of The TeXbook.)

! Missing number, treated as zero.
<to be read again> 
                   \c__xeCJK_xeCJK/SimSun(0)/m/n/10.53937/quanjiao/skip/glue...
l.52 ...。 这是一段正文。 这是一段正文。 这是一段正文。 这是一段正文。 这是一段正文。 
                                                  这是一段正文。 这是一段正文。 这是一段正文。 这是...
(That makes 100 errors; please try again.) 
Here is how much of TeX's memory you used:
 10573 strings out of 479819
 258688 string characters out of 5895846
 531197 words of memory out of 5000000
 27508 multiletter control sequences out of 15000+600000
 541000 words of font info for 89 fonts, out of 8000000 for 9000
 1348 hyphenation exceptions out of 8191
 56i,5n,78p,416b,639s stack positions out of 5000i,500n,10000p,200000b,80000s

No pages of output.
